This is pdfTeX, Version 3.14159265-2.6-1.40.16 (MiKTeX 2.9) (preloaded format=pdflatex 2016.4.4)  16 JUL 2018 10:30
entering extended mode
**./Main.tex
(Main.tex
LaTeX2e <2015/10/01> patch level 2
Babel <3.9n> and hyphenation patterns for 69 languages loaded.
(Chapitres/STYL.tex
("C:\Users\Administrator\AppData\Local\Programs\MiKTeX 2.9\tex\latex\base\book.
cls"
Document Class: book 2014/09/29 v1.4h Standard LaTeX document class

("C:\Users\Administrator\AppData\Local\Programs\MiKTeX 2.9\tex\latex\base\fleqn
.clo"
File: fleqn.clo 2015/03/31 v1.1i Standard LaTeX option (flush left equations)
\mathindent=\dimen102
Applying: [2015/01/01] Make \[ robust on input line 50.
LaTeX Info: Redefining \[ on input line 51.
Already applied: [0000/00/00] Make \[ robust on input line 62.
Applying: [2015/01/01] Make \] robust on input line 74.
LaTeX Info: Redefining \] on input line 75.
Already applied: [0000/00/00] Make \] robust on input line 83.
)
("C:\Users\Administrator\AppData\Local\Programs\MiKTeX 2.9\tex\latex\base\bk11.
clo"
File: bk11.clo 2014/09/29 v1.4h Standard LaTeX file (size option)
)
\c@part=\count79
\c@chapter=\count80
\c@section=\count81
\c@subsection=\count82
\c@subsubsection=\count83
\c@paragraph=\count84
\c@subparagraph=\count85
\c@figure=\count86
\c@table=\count87
\abovecaptionskip=\skip41
\belowcaptionskip=\skip42
\bibindent=\dimen103
)
("C:\Users\Administrator\AppData\Local\Programs\MiKTeX 2.9\tex\latex\natbib\nat
bib.sty"
Package: natbib 2010/09/13 8.31b (PWD, AO)
\bibhang=\skip43
\bibsep=\skip44
LaTeX Info: Redefining \cite on input line 694.
\c@NAT@ctr=\count88
)
("C:\Users\Administrator\AppData\Local\Programs\MiKTeX 2.9\tex\latex\tocbibind\
tocbibind.sty"
Package: tocbibind 2010/10/13 v1.5k extra ToC listings
Package tocbibind Info: The document has chapter divisions on input line 50.


Package tocbibind Note: Using chapter style headings, unless overridden.

)
("C:\Users\Administrator\AppData\Local\Programs\MiKTeX 2.9\tex\generic\babel\ba
bel.sty"
Package: babel 2016/01/08 3.9n The Babel package

*************************************
* Local config file bblopts.cfg used
*

("C:\Users\Administrator\AppData\Local\Programs\MiKTeX 2.9\tex\latex\00miktex\b
blopts.cfg"
File: bblopts.cfg 2006/07/31 v1.0 MiKTeX 'babel' configuration
)
("C:\Users\Administrator\AppData\Local\Programs\MiKTeX 2.9\tex\latex\babel-engl
ish\english.ldf"
Language: english 2012/08/20 v3.3p English support from the babel system

("C:\Users\Administrator\AppData\Local\Programs\MiKTeX 2.9\tex\generic\babel\ba
bel.def"
File: babel.def 2016/01/08 3.9n Babel common definitions
\babel@savecnt=\count89
\U@D=\dimen104
)
\l@canadian = a dialect from \language\l@american 
\l@australian = a dialect from \language\l@british 
\l@newzealand = a dialect from \language\l@british 
)
("C:\Users\Administrator\AppData\Local\Programs\MiKTeX 2.9\tex\latex\babel-fren
ch\frenchb.ldf"
Language: frenchb 2016/01/01 v3.1k French support from the babel system
\l@acadian = a dialect from \language\l@french 
\l@canadien = a dialect from \language\l@french 
\FBcolonskip=\skip45
\FBthinskip=\skip46
\FB@interchartokenstateORI=\count90
Package babel Info: Making : an active character on input line 372.
Package babel Info: Making ; an active character on input line 373.
Package babel Info: Making ! an active character on input line 374.
Package babel Info: Making ? an active character on input line 375.
\FBguillskip=\skip47
\FBguill@level=\count91
\FB@everypar=\toks14
\FB@Mht=\dimen105
\std@mcc=\count92
\dec@mcc=\count93
\listindentFB=\skip48
\labelwidthFB=\skip49
\leftmarginFB=\skip50
\parindentFFN=\dimen106
))
("C:\Users\Administrator\AppData\Local\Programs\MiKTeX 2.9\tex\latex\carlisle\s
calefnt.sty")
("C:\Users\Administrator\AppData\Local\Programs\MiKTeX 2.9\tex\latex\graphics\k
eyval.sty"
Package: keyval 2014/10/28 v1.15 key=value parser (DPC)
\KV@toks@=\toks15
)
("C:\Users\Administrator\AppData\Local\Programs\MiKTeX 2.9\tex\latex\base\input
enc.sty"
Package: inputenc 2015/03/17 v1.2c Input encoding file
\inpenc@prehook=\toks16
\inpenc@posthook=\toks17

("C:\Users\Administrator\AppData\Local\Programs\MiKTeX 2.9\tex\latex\base\utf8.
def"
File: utf8.def 2015/09/07 v1.1p UTF-8 support for inputenc
Now handling font encoding OML ...
... no UTF-8 mapping file for font encoding OML
Now handling font encoding T1 ...
... processing UTF-8 mapping file for font encoding T1

("C:\Users\Administrator\AppData\Local\Programs\MiKTeX 2.9\tex\latex\base\t1enc
.dfu"
File: t1enc.dfu 2015/09/07 v1.1p UTF-8 support for inputenc
   defining Unicode char U+00A0 (decimal 160)
   defining Unicode char U+00A1 (decimal 161)
   defining Unicode char U+00A3 (decimal 163)
   defining Unicode char U+00AB (decimal 171)
   defining Unicode char U+00AD (decimal 173)
   defining Unicode char U+00BB (decimal 187)
   defining Unicode char U+00BF (decimal 191)
   defining Unicode char U+00C0 (decimal 192)
   defining Unicode char U+00C1 (decimal 193)
   defining Unicode char U+00C2 (decimal 194)
   defining Unicode char U+00C3 (decimal 195)
   defining Unicode char U+00C4 (decimal 196)
   defining Unicode char U+00C5 (decimal 197)
   defining Unicode char U+00C6 (decimal 198)
   defining Unicode char U+00C7 (decimal 199)
   defining Unicode char U+00C8 (decimal 200)
   defining Unicode char U+00C9 (decimal 201)
   defining Unicode char U+00CA (decimal 202)
   defining Unicode char U+00CB (decimal 203)
   defining Unicode char U+00CC (decimal 204)
   defining Unicode char U+00CD (decimal 205)
   defining Unicode char U+00CE (decimal 206)
   defining Unicode char U+00CF (decimal 207)
   defining Unicode char U+00D0 (decimal 208)
   defining Unicode char U+00D1 (decimal 209)
   defining Unicode char U+00D2 (decimal 210)
   defining Unicode char U+00D3 (decimal 211)
   defining Unicode char U+00D4 (decimal 212)
   defining Unicode char U+00D5 (decimal 213)
   defining Unicode char U+00D6 (decimal 214)
   defining Unicode char U+00D8 (decimal 216)
   defining Unicode char U+00D9 (decimal 217)
   defining Unicode char U+00DA (decimal 218)
   defining Unicode char U+00DB (decimal 219)
   defining Unicode char U+00DC (decimal 220)
   defining Unicode char U+00DD (decimal 221)
   defining Unicode char U+00DE (decimal 222)
   defining Unicode char U+00DF (decimal 223)
   defining Unicode char U+00E0 (decimal 224)
   defining Unicode char U+00E1 (decimal 225)
   defining Unicode char U+00E2 (decimal 226)
   defining Unicode char U+00E3 (decimal 227)
   defining Unicode char U+00E4 (decimal 228)
   defining Unicode char U+00E5 (decimal 229)
   defining Unicode char U+00E6 (decimal 230)
   defining Unicode char U+00E7 (decimal 231)
   defining Unicode char U+00E8 (decimal 232)
   defining Unicode char U+00E9 (decimal 233)
   defining Unicode char U+00EA (decimal 234)
   defining Unicode char U+00EB (decimal 235)
   defining Unicode char U+00EC (decimal 236)
   defining Unicode char U+00ED (decimal 237)
   defining Unicode char U+00EE (decimal 238)
   defining Unicode char U+00EF (decimal 239)
   defining Unicode char U+00F0 (decimal 240)
   defining Unicode char U+00F1 (decimal 241)
   defining Unicode char U+00F2 (decimal 242)
   defining Unicode char U+00F3 (decimal 243)
   defining Unicode char U+00F4 (decimal 244)
   defining Unicode char U+00F5 (decimal 245)
   defining Unicode char U+00F6 (decimal 246)
   defining Unicode char U+00F8 (decimal 248)
   defining Unicode char U+00F9 (decimal 249)
   defining Unicode char U+00FA (decimal 250)
   defining Unicode char U+00FB (decimal 251)
   defining Unicode char U+00FC (decimal 252)
   defining Unicode char U+00FD (decimal 253)
   defining Unicode char U+00FE (decimal 254)
   defining Unicode char U+00FF (decimal 255)
   defining Unicode char U+0102 (decimal 258)
   defining Unicode char U+0103 (decimal 259)
   defining Unicode char U+0104 (decimal 260)
   defining Unicode char U+0105 (decimal 261)
   defining Unicode char U+0106 (decimal 262)
   defining Unicode char U+0107 (decimal 263)
   defining Unicode char U+010C (decimal 268)
   defining Unicode char U+010D (decimal 269)
   defining Unicode char U+010E (decimal 270)
   defining Unicode char U+010F (decimal 271)
   defining Unicode char U+0110 (decimal 272)
   defining Unicode char U+0111 (decimal 273)
   defining Unicode char U+0118 (decimal 280)
   defining Unicode char U+0119 (decimal 281)
   defining Unicode char U+011A (decimal 282)
   defining Unicode char U+011B (decimal 283)
   defining Unicode char U+011E (decimal 286)
   defining Unicode char U+011F (decimal 287)
   defining Unicode char U+0130 (decimal 304)
   defining Unicode char U+0131 (decimal 305)
   defining Unicode char U+0132 (decimal 306)
   defining Unicode char U+0133 (decimal 307)
   defining Unicode char U+0139 (decimal 313)
   defining Unicode char U+013A (decimal 314)
   defining Unicode char U+013D (decimal 317)
   defining Unicode char U+013E (decimal 318)
   defining Unicode char U+0141 (decimal 321)
   defining Unicode char U+0142 (decimal 322)
   defining Unicode char U+0143 (decimal 323)
   defining Unicode char U+0144 (decimal 324)
   defining Unicode char U+0147 (decimal 327)
   defining Unicode char U+0148 (decimal 328)
   defining Unicode char U+014A (decimal 330)
   defining Unicode char U+014B (decimal 331)
   defining Unicode char U+0150 (decimal 336)
   defining Unicode char U+0151 (decimal 337)
   defining Unicode char U+0152 (decimal 338)
   defining Unicode char U+0153 (decimal 339)
   defining Unicode char U+0154 (decimal 340)
   defining Unicode char U+0155 (decimal 341)
   defining Unicode char U+0158 (decimal 344)
   defining Unicode char U+0159 (decimal 345)
   defining Unicode char U+015A (decimal 346)
   defining Unicode char U+015B (decimal 347)
   defining Unicode char U+015E (decimal 350)
   defining Unicode char U+015F (decimal 351)
   defining Unicode char U+0160 (decimal 352)
   defining Unicode char U+0161 (decimal 353)
   defining Unicode char U+0162 (decimal 354)
   defining Unicode char U+0163 (decimal 355)
   defining Unicode char U+0164 (decimal 356)
   defining Unicode char U+0165 (decimal 357)
   defining Unicode char U+016E (decimal 366)
   defining Unicode char U+016F (decimal 367)
   defining Unicode char U+0170 (decimal 368)
   defining Unicode char U+0171 (decimal 369)
   defining Unicode char U+0174 (decimal 372)
   defining Unicode char U+0175 (decimal 373)
   defining Unicode char U+0176 (decimal 374)
   defining Unicode char U+0177 (decimal 375)
   defining Unicode char U+0178 (decimal 376)
   defining Unicode char U+0179 (decimal 377)
   defining Unicode char U+017A (decimal 378)
   defining Unicode char U+017B (decimal 379)
   defining Unicode char U+017C (decimal 380)
   defining Unicode char U+017D (decimal 381)
   defining Unicode char U+017E (decimal 382)
   defining Unicode char U+0218 (decimal 536)
   defining Unicode char U+0219 (decimal 537)
   defining Unicode char U+021A (decimal 538)
   defining Unicode char U+021B (decimal 539)
   defining Unicode char U+200C (decimal 8204)
   defining Unicode char U+2013 (decimal 8211)
   defining Unicode char U+2014 (decimal 8212)
   defining Unicode char U+2018 (decimal 8216)
   defining Unicode char U+2019 (decimal 8217)
   defining Unicode char U+201A (decimal 8218)
   defining Unicode char U+201C (decimal 8220)
   defining Unicode char U+201D (decimal 8221)
   defining Unicode char U+201E (decimal 8222)
   defining Unicode char U+2030 (decimal 8240)
   defining Unicode char U+2031 (decimal 8241)
   defining Unicode char U+2039 (decimal 8249)
   defining Unicode char U+203A (decimal 8250)
   defining Unicode char U+2423 (decimal 9251)
)
Now handling font encoding OT1 ...
... processing UTF-8 mapping file for font encoding OT1

("C:\Users\Administrator\AppData\Local\Programs\MiKTeX 2.9\tex\latex\base\ot1en
c.dfu"
File: ot1enc.dfu 2015/09/07 v1.1p UTF-8 support for inputenc
   defining Unicode char U+00A0 (decimal 160)
   defining Unicode char U+00A1 (decimal 161)
   defining Unicode char U+00A3 (decimal 163)
   defining Unicode char U+00AD (decimal 173)
   defining Unicode char U+00B8 (decimal 184)
   defining Unicode char U+00BF (decimal 191)
   defining Unicode char U+00C5 (decimal 197)
   defining Unicode char U+00C6 (decimal 198)
   defining Unicode char U+00D8 (decimal 216)
   defining Unicode char U+00DF (decimal 223)
   defining Unicode char U+00E6 (decimal 230)
   defining Unicode char U+00EC (decimal 236)
   defining Unicode char U+00ED (decimal 237)
   defining Unicode char U+00EE (decimal 238)
   defining Unicode char U+00EF (decimal 239)
   defining Unicode char U+00F8 (decimal 248)
   defining Unicode char U+0131 (decimal 305)
   defining Unicode char U+0141 (decimal 321)
   defining Unicode char U+0142 (decimal 322)
   defining Unicode char U+0152 (decimal 338)
   defining Unicode char U+0153 (decimal 339)
   defining Unicode char U+0174 (decimal 372)
   defining Unicode char U+0175 (decimal 373)
   defining Unicode char U+0176 (decimal 374)
   defining Unicode char U+0177 (decimal 375)
   defining Unicode char U+0218 (decimal 536)
   defining Unicode char U+0219 (decimal 537)
   defining Unicode char U+021A (decimal 538)
   defining Unicode char U+021B (decimal 539)
   defining Unicode char U+2013 (decimal 8211)
   defining Unicode char U+2014 (decimal 8212)
   defining Unicode char U+2018 (decimal 8216)
   defining Unicode char U+2019 (decimal 8217)
   defining Unicode char U+201C (decimal 8220)
   defining Unicode char U+201D (decimal 8221)
)
Now handling font encoding OMS ...
... processing UTF-8 mapping file for font encoding OMS

("C:\Users\Administrator\AppData\Local\Programs\MiKTeX 2.9\tex\latex\base\omsen
c.dfu"
File: omsenc.dfu 2015/09/07 v1.1p UTF-8 support for inputenc
   defining Unicode char U+00A7 (decimal 167)
   defining Unicode char U+00B6 (decimal 182)
   defining Unicode char U+00B7 (decimal 183)
   defining Unicode char U+2020 (decimal 8224)
   defining Unicode char U+2021 (decimal 8225)
   defining Unicode char U+2022 (decimal 8226)
)
Now handling font encoding OMX ...
... no UTF-8 mapping file for font encoding OMX
Now handling font encoding U ...
... no UTF-8 mapping file for font encoding U
   defining Unicode char U+00A9 (decimal 169)
   defining Unicode char U+00AA (decimal 170)
   defining Unicode char U+00AE (decimal 174)
   defining Unicode char U+00BA (decimal 186)
   defining Unicode char U+02C6 (decimal 710)
   defining Unicode char U+02DC (decimal 732)
   defining Unicode char U+200C (decimal 8204)
   defining Unicode char U+2026 (decimal 8230)
   defining Unicode char U+2122 (decimal 8482)
   defining Unicode char U+2423 (decimal 9251)
))
("C:\Users\Administrator\AppData\Local\Programs\MiKTeX 2.9\tex\latex\graphics\g
raphicx.sty"
Package: graphicx 2014/10/28 v1.0g Enhanced LaTeX Graphics (DPC,SPQR)

("C:\Users\Administrator\AppData\Local\Programs\MiKTeX 2.9\tex\latex\graphics\g
raphics.sty"
Package: graphics 2014/10/28 v1.0p Standard LaTeX Graphics (DPC,SPQR)

("C:\Users\Administrator\AppData\Local\Programs\MiKTeX 2.9\tex\latex\graphics\t
rig.sty"
Package: trig 1999/03/16 v1.09 sin cos tan (DPC)
)
("C:\Users\Administrator\AppData\Local\Programs\MiKTeX 2.9\tex\latex\00miktex\g
raphics.cfg"
File: graphics.cfg 2007/01/18 v1.5 graphics configuration of teTeX/TeXLive
)
Package graphics Info: Driver file: pdftex.def on input line 94.

("C:\Users\Administrator\AppData\Local\Programs\MiKTeX 2.9\tex\latex\pdftex-def
\pdftex.def"
File: pdftex.def 2011/05/27 v0.06d Graphics/color for pdfTeX

("C:\Users\Administrator\AppData\Local\Programs\MiKTeX 2.9\tex\generic\oberdiek
\infwarerr.sty"
Package: infwarerr 2010/04/08 v1.3 Providing info/warning/error messages (HO)
)
("C:\Users\Administrator\AppData\Local\Programs\MiKTeX 2.9\tex\generic\oberdiek
\ltxcmds.sty"
Package: ltxcmds 2011/11/09 v1.22 LaTeX kernel commands for general use (HO)
)
\Gread@gobject=\count94
))
\Gin@req@height=\dimen107
\Gin@req@width=\dimen108
)
("C:\Users\Administrator\AppData\Local\Programs\MiKTeX 2.9\tex\latex\base\fonte
nc.sty"
Package: fontenc 2005/09/27 v1.99g Standard LaTeX package

("C:\Users\Administrator\AppData\Local\Programs\MiKTeX 2.9\tex\latex\base\t1enc
.def"
File: t1enc.def 2005/09/27 v1.99g Standard LaTeX file
LaTeX Font Info:    Redeclaring font encoding T1 on input line 48.
))
("C:\Users\Administrator\AppData\Local\Programs\MiKTeX 2.9\tex\latex\fncychap\f
ncychap.sty"
Package: fncychap 2007/07/30 v1.34 LaTeX package (Revised chapters)
\RW=\skip51
\mylen=\skip52
\myhi=\skip53
\px=\skip54
\py=\skip55
\pyy=\skip56
\pxx=\skip57
)
("C:\Users\Administrator\AppData\Local\Programs\MiKTeX 2.9\tex\latex\geometry\g
eometry.sty"
Package: geometry 2010/09/12 v5.6 Page Geometry

("C:\Users\Administrator\AppData\Local\Programs\MiKTeX 2.9\tex\generic\oberdiek
\ifpdf.sty"
Package: ifpdf 2011/01/30 v2.3 Provides the ifpdf switch (HO)
Package ifpdf Info: pdfTeX in PDF mode is detected.
)
("C:\Users\Administrator\AppData\Local\Programs\MiKTeX 2.9\tex\generic\oberdiek
\ifvtex.sty"
Package: ifvtex 2010/03/01 v1.5 Detect VTeX and its facilities (HO)
Package ifvtex Info: VTeX not detected.
)
("C:\Users\Administrator\AppData\Local\Programs\MiKTeX 2.9\tex\generic\ifxetex\
ifxetex.sty"
Package: ifxetex 2010/09/12 v0.6 Provides ifxetex conditional
)
\Gm@cnth=\count95
\Gm@cntv=\count96
\c@Gm@tempcnt=\count97
\Gm@bindingoffset=\dimen109
\Gm@wd@mp=\dimen110
\Gm@odd@mp=\dimen111
\Gm@even@mp=\dimen112
\Gm@layoutwidth=\dimen113
\Gm@layoutheight=\dimen114
\Gm@layouthoffset=\dimen115
\Gm@layoutvoffset=\dimen116
\Gm@dimlist=\toks18

("C:\Users\Administrator\AppData\Local\Programs\MiKTeX 2.9\tex\latex\geometry\g
eometry.cfg"))
("C:\Users\Administrator\AppData\Local\Programs\MiKTeX 2.9\tex\latex\fancyhdr\f
ancyhdr.sty"
Package: fancyhdr 2017/06/30 v3.9a Extensive control of page headers and footer
s
\f@nch@headwidth=\skip58
\f@nch@O@elh=\skip59
\f@nch@O@erh=\skip60
\f@nch@O@olh=\skip61
\f@nch@O@orh=\skip62
\f@nch@O@elf=\skip63
\f@nch@O@erf=\skip64
\f@nch@O@olf=\skip65
\f@nch@O@orf=\skip66
)
("C:\Users\Administrator\AppData\Local\Programs\MiKTeX 2.9\tex\latex\titlesec\t
itlesec.sty"
Package: titlesec 2016/03/21 v2.10.2 Sectioning titles
\ttl@box=\box26
\beforetitleunit=\skip67
\aftertitleunit=\skip68
\ttl@plus=\dimen117
\ttl@minus=\dimen118
\ttl@toksa=\toks19
\titlewidth=\dimen119
\titlewidthlast=\dimen120
\titlewidthfirst=\dimen121
)
("C:\Users\Administrator\AppData\Local\Programs\MiKTeX 2.9\tex\generic\oberdiek
\alphalph.sty"
Package: alphalph 2011/05/13 v2.4 Convert numbers to letters (HO)

("C:\Users\Administrator\AppData\Local\Programs\MiKTeX 2.9\tex\generic\oberdiek
\intcalc.sty"
Package: intcalc 2007/09/27 v1.1 Expandable calculations with integers (HO)
))
("C:\Users\Administrator\AppData\Local\Programs\MiKTeX 2.9\tex\latex\amsmath\am
smath.sty"
Package: amsmath 2013/01/14 v2.14 AMS math features
\@mathmargin=\skip69

For additional information on amsmath, use the `?' option.

("C:\Users\Administrator\AppData\Local\Programs\MiKTeX 2.9\tex\latex\amsmath\am
stext.sty"
Package: amstext 2000/06/29 v2.01

("C:\Users\Administrator\AppData\Local\Programs\MiKTeX 2.9\tex\latex\amsmath\am
sgen.sty"
File: amsgen.sty 1999/11/30 v2.0
\@emptytoks=\toks20
\ex@=\dimen122
))
("C:\Users\Administrator\AppData\Local\Programs\MiKTeX 2.9\tex\latex\amsmath\am
sbsy.sty"
Package: amsbsy 1999/11/29 v1.2d
\pmbraise@=\dimen123
)
("C:\Users\Administrator\AppData\Local\Programs\MiKTeX 2.9\tex\latex\amsmath\am
sopn.sty"
Package: amsopn 1999/12/14 v2.01 operator names
)
\inf@bad=\count98
LaTeX Info: Redefining \frac on input line 210.
\uproot@=\count99
\leftroot@=\count100
LaTeX Info: Redefining \overline on input line 306.
\classnum@=\count101
\DOTSCASE@=\count102
LaTeX Info: Redefining \ldots on input line 378.
LaTeX Info: Redefining \dots on input line 381.
LaTeX Info: Redefining \cdots on input line 466.
\Mathstrutbox@=\box27
\strutbox@=\box28
\big@size=\dimen124
LaTeX Font Info:    Redeclaring font encoding OML on input line 566.
LaTeX Font Info:    Redeclaring font encoding OMS on input line 567.
\macc@depth=\count103
\c@MaxMatrixCols=\count104
\dotsspace@=\muskip10
\c@parentequation=\count105
\dspbrk@lvl=\count106
\tag@help=\toks21
\row@=\count107
\column@=\count108
\maxfields@=\count109
\andhelp@=\toks22
\eqnshift@=\dimen125
\alignsep@=\dimen126
\tagshift@=\dimen127
\tagwidth@=\dimen128
\totwidth@=\dimen129
\lineht@=\dimen130
\@envbody=\toks23
\multlinegap=\skip70
\multlinetaggap=\skip71
\mathdisplay@stack=\toks24
LaTeX Info: Redefining \[ on input line 2665.
LaTeX Info: Redefining \] on input line 2666.
)
("C:\Users\Administrator\AppData\Local\Programs\MiKTeX 2.9\tex\latex\oberdiek\e
pstopdf.sty"
Package: epstopdf 2010/02/09 v2.5 Conversion with epstopdf on the fly (HO)

("C:\Users\Administrator\AppData\Local\Programs\MiKTeX 2.9\tex\latex\oberdiek\e
pstopdf-base.sty"
Package: epstopdf-base 2010/02/09 v2.5 Base part for package epstopdf

("C:\Users\Administrator\AppData\Local\Programs\MiKTeX 2.9\tex\latex\oberdiek\g
rfext.sty"
Package: grfext 2010/08/19 v1.1 Manage graphics extensions (HO)

("C:\Users\Administrator\AppData\Local\Programs\MiKTeX 2.9\tex\generic\oberdiek
\kvdefinekeys.sty"
Package: kvdefinekeys 2011/04/07 v1.3 Define keys (HO)
))
("C:\Users\Administrator\AppData\Local\Programs\MiKTeX 2.9\tex\latex\oberdiek\k
voptions.sty"
Package: kvoptions 2011/06/30 v3.11 Key value format for package options (HO)

("C:\Users\Administrator\AppData\Local\Programs\MiKTeX 2.9\tex\generic\oberdiek
\kvsetkeys.sty"
Package: kvsetkeys 2012/04/25 v1.16 Key value parser (HO)

("C:\Users\Administrator\AppData\Local\Programs\MiKTeX 2.9\tex\generic\oberdiek
\etexcmds.sty"
Package: etexcmds 2011/02/16 v1.5 Avoid name clashes with e-TeX commands (HO)

("C:\Users\Administrator\AppData\Local\Programs\MiKTeX 2.9\tex\generic\oberdiek
\ifluatex.sty"
Package: ifluatex 2010/03/01 v1.3 Provides the ifluatex switch (HO)
Package ifluatex Info: LuaTeX not detected.
)
Package etexcmds Info: Could not find \expanded.
(etexcmds)             That can mean that you are not using pdfTeX 1.50 or
(etexcmds)             that some package has redefined \expanded.
(etexcmds)             In the latter case, load this package earlier.
)))
("C:\Users\Administrator\AppData\Local\Programs\MiKTeX 2.9\tex\generic\oberdiek
\pdftexcmds.sty"
Package: pdftexcmds 2011/11/29 v0.20 Utility functions of pdfTeX for LuaTeX (HO
)
Package pdftexcmds Info: LuaTeX not detected.
Package pdftexcmds Info: \pdf@primitive is available.
Package pdftexcmds Info: \pdf@ifprimitive is available.
Package pdftexcmds Info: \pdfdraftmode found.
)
Package grfext Info: Graphics extension search list:
(grfext)             [.png,.pdf,.jpg,.mps,.jpeg,.jbig2,.jb2,.PNG,.PDF,.JPG,.JPE
G,.JBIG2,.JB2,.eps]
(grfext)             \AppendGraphicsExtensions on input line 452.
))
("C:\Users\Administrator\AppData\Local\Programs\MiKTeX 2.9\tex\latex\multirow\m
ultirow.sty"
\bigstrutjot=\dimen131
)
("C:\Users\Administrator\AppData\Local\Programs\MiKTeX 2.9\tex\latex\lettrine\l
ettrine.sty"
File: lettrine.sty 2015/08/31 v1.9 (Daniel Flipo)
\c@DefaultLines=\count110
\c@DefaultDepth=\count111
\DefaultFindent=\dimen132
\DefaultNindent=\dimen133
\DefaultSlope=\dimen134
\DiscardVskip=\dimen135
\L@lbox=\box29
\L@tbox=\box30
\c@L@lines=\count112
\c@L@depth=\count113
\L@Pindent=\dimen136
\L@Findent=\dimen137
\L@Nindent=\dimen138
\L@lraise=\dimen139
\L@first=\dimen140
\L@next=\dimen141
\L@slope=\dimen142
\L@height=\dimen143
\L@novskip=\dimen144
\LettrineWidth=\dimen145
\LettrineHeight=\dimen146
\LettrineDepth=\dimen147

Loading lettrine.cfg

("C:\Users\Administrator\AppData\Local\Programs\MiKTeX 2.9\tex\latex\lettrine\l
ettrine.cfg"))
("C:\Users\Administrator\AppData\Local\Programs\MiKTeX 2.9\tex\latex\hyperref\h
yperref.sty"
Package: hyperref 2012/11/06 v6.83m Hypertext links for LaTeX

("C:\Users\Administrator\AppData\Local\Programs\MiKTeX 2.9\tex\generic\oberdiek
\hobsub-hyperref.sty"
Package: hobsub-hyperref 2012/04/25 v1.12 Bundle oberdiek, subset hyperref (HO)


("C:\Users\Administrator\AppData\Local\Programs\MiKTeX 2.9\tex\generic\oberdiek
\hobsub-generic.sty"
Package: hobsub-generic 2012/04/25 v1.12 Bundle oberdiek, subset generic (HO)
Package: hobsub 2012/04/25 v1.12 Construct package bundles (HO)
Package hobsub Info: Skipping package `infwarerr' (already loaded).
Package hobsub Info: Skipping package `ltxcmds' (already loaded).
Package hobsub Info: Skipping package `ifluatex' (already loaded).
Package hobsub Info: Skipping package `ifvtex' (already loaded).
Package hobsub Info: Skipping package `intcalc' (already loaded).
Package hobsub Info: Skipping package `ifpdf' (already loaded).
Package hobsub Info: Skipping package `etexcmds' (already loaded).
Package hobsub Info: Skipping package `kvsetkeys' (already loaded).
Package hobsub Info: Skipping package `kvdefinekeys' (already loaded).
Package hobsub Info: Skipping package `pdftexcmds' (already loaded).
Package: pdfescape 2011/11/25 v1.13 Implements pdfTeX's escape features (HO)
Package: bigintcalc 2012/04/08 v1.3 Expandable calculations on big integers (HO
)
Package: bitset 2011/01/30 v1.1 Handle bit-vector datatype (HO)
Package: uniquecounter 2011/01/30 v1.2 Provide unlimited unique counter (HO)
)
Package hobsub Info: Skipping package `hobsub' (already loaded).
Package: letltxmacro 2010/09/02 v1.4 Let assignment for LaTeX macros (HO)
Package: hopatch 2011/06/24 v1.1 Wrapper for package hooks (HO)
Package: xcolor-patch 2011/01/30 xcolor patch
Package: atveryend 2011/06/30 v1.8 Hooks at the very end of document (HO)
Package atveryend Info: \enddocument detected (standard20110627).
Package: atbegshi 2011/10/05 v1.16 At begin shipout hook (HO)
Package: refcount 2011/10/16 v3.4 Data extraction from label references (HO)
Package: hycolor 2011/01/30 v1.7 Color options for hyperref/bookmark (HO)
)
("C:\Users\Administrator\AppData\Local\Programs\MiKTeX 2.9\tex\latex\oberdiek\a
uxhook.sty"
Package: auxhook 2011/03/04 v1.3 Hooks for auxiliary files (HO)
)
\@linkdim=\dimen148
\Hy@linkcounter=\count114
\Hy@pagecounter=\count115

("C:\Users\Administrator\AppData\Local\Programs\MiKTeX 2.9\tex\latex\hyperref\p
d1enc.def"
File: pd1enc.def 2012/11/06 v6.83m Hyperref: PDFDocEncoding definition (HO)
Now handling font encoding PD1 ...
... no UTF-8 mapping file for font encoding PD1
)
\Hy@SavedSpaceFactor=\count116

("C:\Users\Administrator\AppData\Local\Programs\MiKTeX 2.9\tex\latex\00miktex\h
yperref.cfg"
File: hyperref.cfg 2002/06/06 v1.2 hyperref configuration of TeXLive
)
Package hyperref Info: Hyper figures OFF on input line 4443.
Package hyperref Info: Link nesting OFF on input line 4448.
Package hyperref Info: Hyper index ON on input line 4451.
Package hyperref Info: Plain pages OFF on input line 4458.
Package hyperref Info: Backreferencing OFF on input line 4463.
Package hyperref Info: Implicit mode ON; LaTeX internals redefined.
Package hyperref Info: Bookmarks ON on input line 4688.
\c@Hy@tempcnt=\count117

("C:\Users\Administrator\AppData\Local\Programs\MiKTeX 2.9\tex\latex\url\url.st
y"
\Urlmuskip=\muskip11
Package: url 2013/09/16  ver 3.4  Verb mode for urls, etc.
)
LaTeX Info: Redefining \url on input line 5041.
\XeTeXLinkMargin=\dimen149
\Fld@menulength=\count118
\Field@Width=\dimen150
\Fld@charsize=\dimen151
Package hyperref Info: Hyper figures OFF on input line 6295.
Package hyperref Info: Link nesting OFF on input line 6300.
Package hyperref Info: Hyper index ON on input line 6303.
Package hyperref Info: backreferencing OFF on input line 6310.
Package hyperref Info: Link coloring OFF on input line 6315.
Package hyperref Info: Link coloring with OCG OFF on input line 6320.
Package hyperref Info: PDF/A mode OFF on input line 6325.
LaTeX Info: Redefining \ref on input line 6365.
LaTeX Info: Redefining \pageref on input line 6369.
\Hy@abspage=\count119
\c@Item=\count120
\c@Hfootnote=\count121
)

Package hyperref Message: Driver (autodetected): hpdftex.


("C:\Users\Administrator\AppData\Local\Programs\MiKTeX 2.9\tex\latex\hyperref\h
pdftex.def"
File: hpdftex.def 2012/11/06 v6.83m Hyperref driver for pdfTeX
\Fld@listcount=\count122
\c@bookmark@seq@number=\count123

("C:\Users\Administrator\AppData\Local\Programs\MiKTeX 2.9\tex\latex\oberdiek\r
erunfilecheck.sty"
Package: rerunfilecheck 2011/04/15 v1.7 Rerun checks for auxiliary files (HO)
Package uniquecounter Info: New unique counter `rerunfilecheck' on input line 2
82.
)
\Hy@SectionHShift=\skip72
)
Package hyperref Info: Option `colorlinks' set `true' on input line 150.

("C:\Users\Administrator\AppData\Local\Programs\MiKTeX 2.9\tex\latex\bigfoot\pe
rpage.sty"
Package: perpage 2014/10/25 2.0 Reset/sort counters per page
\c@abspage=\count124
)
\c@pp@a@footnote=\count125

("C:\Users\Administrator\AppData\Local\Programs\MiKTeX 2.9\tex\latex\pdfpages\p
dfpages.sty"
Package: pdfpages 2017/08/14 v0.5k Insert pages of external PDF documents (AM)

("C:\Users\Administrator\AppData\Local\Programs\MiKTeX 2.9\tex\latex\base\ifthe
n.sty"
Package: ifthen 2014/09/29 v1.1c Standard LaTeX ifthen package (DPC)
)
("C:\Users\Administrator\AppData\Local\Programs\MiKTeX 2.9\tex\latex\tools\calc
.sty"
Package: calc 2014/10/28 v4.3 Infix arithmetic (KKT,FJ)
\calc@Acount=\count126
\calc@Bcount=\count127
\calc@Adimen=\dimen152
\calc@Bdimen=\dimen153
\calc@Askip=\skip73
\calc@Bskip=\skip74
LaTeX Info: Redefining \setlength on input line 80.
LaTeX Info: Redefining \addtolength on input line 81.
\calc@Ccount=\count128
\calc@Cskip=\skip75
)
("C:\Users\Administrator\AppData\Local\Programs\MiKTeX 2.9\tex\latex\eso-pic\es
o-pic.sty"
Package: eso-pic 2015/07/21 v2.0g eso-pic (RN)

("C:\Users\Administrator\AppData\Local\Programs\MiKTeX 2.9\tex\latex\xcolor\xco
lor.sty"
Package: xcolor 2007/01/21 v2.11 LaTeX color extensions (UK)

("C:\Users\Administrator\AppData\Local\Programs\MiKTeX 2.9\tex\latex\00miktex\c
olor.cfg"
File: color.cfg 2007/01/18 v1.5 color configuration of teTeX/TeXLive
)
Package xcolor Info: Driver file: pdftex.def on input line 225.
Package xcolor Info: Model `cmy' substituted by `cmy0' on input line 1337.
Package xcolor Info: Model `hsb' substituted by `rgb' on input line 1341.
Package xcolor Info: Model `RGB' extended on input line 1353.
Package xcolor Info: Model `HTML' substituted by `rgb' on input line 1355.
Package xcolor Info: Model `Hsb' substituted by `hsb' on input line 1356.
Package xcolor Info: Model `tHsb' substituted by `hsb' on input line 1357.
Package xcolor Info: Model `HSB' substituted by `hsb' on input line 1358.
Package xcolor Info: Model `Gray' substituted by `gray' on input line 1359.
Package xcolor Info: Model `wave' substituted by `hsb' on input line 1360.
))
\AM@pagewidth=\dimen154
\AM@pageheight=\dimen155

("C:\Users\Administrator\AppData\Local\Programs\MiKTeX 2.9\tex\latex\pdfpages\p
ppdftex.def"
File: pppdftex.def 2017/08/14 v0.5k Pdfpages driver for pdfTeX (AM)
)
\AM@pagebox=\box31
\AM@global@opts=\toks25
\AM@toc@title=\toks26
\c@AM@survey=\count129
\AM@templatesizebox=\box32
)
("C:\Users\Administrator\AppData\Local\Programs\MiKTeX 2.9\tex\latex\chngcntr\c
hngcntr.sty"
Package: chngcntr 2018/04/09 v1.1a change counter resetting
)) (Main.aux (Chapitres/PREAMB.aux) (Chapitres/INTRO.aux)
(Chapitres/EDLA.aux) (Chapitres/MDLVI.aux) (Chapitres/SDR-INTRO.aux)
(Chapitres/SDR-GENE.aux) (Chapitres/SDR-DISP.aux) (Chapitres/SDR-IMM.aux)
(Chapitres/SDR-POND.aux) (Chapitres/SDR-EXPE.aux) (Chapitres/SDR-CONCL.aux)
(Chapitres/EXPE1.aux) (Chapitres/EXPE1-REA.aux) (Chapitres/EXPE1-PRELIM.aux)
(Chapitres/EXPE1-MANIP.aux) (Chapitres/EXPE1-CONCL.aux) (Chapitres/EXPE2.aux)
(Chapitres/EXPE2-MANIP.aux) (Chapitres/EXPE2-CONCL.aux) (Chapitres/CONCL.aux))
\openout1 = `Main.aux'.

LaTeX Font Info:    Checking defaults for OML/cmm/m/it on input line 10.
LaTeX Font Info:    ... okay on input line 10.
LaTeX Font Info:    Checking defaults for T1/cmr/m/n on input line 10.
LaTeX Font Info:    ... okay on input line 10.
LaTeX Font Info:    Checking defaults for OT1/cmr/m/n on input line 10.
LaTeX Font Info:    ... okay on input line 10.
LaTeX Font Info:    Checking defaults for OMS/cmsy/m/n on input line 10.
LaTeX Font Info:    ... okay on input line 10.
LaTeX Font Info:    Checking defaults for OMX/cmex/m/n on input line 10.
LaTeX Font Info:    ... okay on input line 10.
LaTeX Font Info:    Checking defaults for U/cmr/m/n on input line 10.
LaTeX Font Info:    ... okay on input line 10.
LaTeX Font Info:    Checking defaults for PD1/pdf/m/n on input line 10.
LaTeX Font Info:    ... okay on input line 10.
LaTeX Font Info:    Try loading font information for T1+pnc on input line 10.

("C:\Users\Administrator\AppData\Local\Programs\MiKTeX 2.9\tex\latex\psnfss\t1p
nc.fd"
File: t1pnc.fd 2001/06/04 font definitions for T1/pnc.
)
LaTeX Info: Redefining \degres on input line 10.
LaTeX Info: Redefining \dots on input line 10.
LaTeX Info: Redefining \up on input line 10.

("C:\Users\Administrator\AppData\Local\Programs\MiKTeX 2.9\tex\context\base\sup
p-pdf.mkii"
[Loading MPS to PDF converter (version 2006.09.02).]
\scratchcounter=\count130
\scratchdimen=\dimen156
\scratchbox=\box33
\nofMPsegments=\count131
\nofMParguments=\count132
\everyMPshowfont=\toks27
\MPscratchCnt=\count133
\MPscratchDim=\dimen157
\MPnumerator=\count134
\makeMPintoPDFobject=\count135
\everyMPtoPDFconversion=\toks28
)
*geometry* driver: auto-detecting
*geometry* detected driver: pdftex
*geometry* verbose mode - [ preamble ] result:
* driver: pdftex
* paper: a4paper
* layout: <same size as paper>
* layoutoffset:(h,v)=(0.0pt,0.0pt)
* modes: twoside 
* h-part:(L,W,R)=(72.26999pt, 452.9679pt, 72.26999pt)
* v-part:(T,H,B)=(72.26999pt, 682.43936pt, 90.3375pt)
* \paperwidth=597.50787pt
* \paperheight=845.04684pt
* \textwidth=452.9679pt
* \textheight=682.43936pt
* \oddsidemargin=0.0pt
* \evensidemargin=0.0pt
* \topmargin=-31.8738pt
* \headheight=15.0pt
* \headsep=19.8738pt
* \topskip=11.0pt
* \footskip=27.46295pt
* \marginparwidth=106.0pt
* \marginparsep=7.0pt
* \columnsep=10.0pt
* \skip\footins=10.0pt plus 4.0pt minus 2.0pt
* \hoffset=0.0pt
* \voffset=0.0pt
* \mag=1000
* \@twocolumnfalse
* \@twosidetrue
* \@mparswitchtrue
* \@reversemarginfalse
* (1in=72.27pt=25.4mm, 1cm=28.453pt)

\AtBeginShipoutBox=\box34
Package hyperref Info: Link coloring ON on input line 10.

("C:\Users\Administrator\AppData\Local\Programs\MiKTeX 2.9\tex\latex\hyperref\n
ameref.sty"
Package: nameref 2012/10/27 v2.43 Cross-referencing by name of section

("C:\Users\Administrator\AppData\Local\Programs\MiKTeX 2.9\tex\generic\oberdiek
\gettitlestring.sty"
Package: gettitlestring 2010/12/03 v1.4 Cleanup title references (HO)
)
\c@section@level=\count136
)
LaTeX Info: Redefining \ref on input line 10.
LaTeX Info: Redefining \pageref on input line 10.
LaTeX Info: Redefining \nameref on input line 10.
 (Main.out) (Main.out)
\@outlinefile=\write3
\openout3 = `Main.out'.


("C:\Users\Administrator\AppData\Local\Programs\MiKTeX 2.9\tex\latex\oberdiek\p
dflscape.sty"
Package: pdflscape 2008/08/11 v0.10 Display of landscape pages in PDF (HO)

("C:\Users\Administrator\AppData\Local\Programs\MiKTeX 2.9\tex\latex\graphics\l
scape.sty"
Package: lscape 2000/10/22 v3.01 Landscape Pages (DPC)
)
Package pdflscape Info: Auto-detected driver: pdftex on input line 80.
)
LaTeX Font Info:    Font shape `T1/pnc/bx/n' in size <17.28> not available
(Font)              Font shape `T1/pnc/b/n' tried instead on input line 15.
 [1



{C:/Users/Administrator/AppData/Local/MiKTeX/2.9/pdftex/config/pdftex.map}]
\openout2 = `Chapitres/PREAMB.aux'.

 (Chapitres/PREAMB.tex
Overfull \hbox (6.0pt too wide) in paragraph at lines 1--1
[][] 
 []

[2


]
Overfull \hbox (6.0pt too wide) in paragraph at lines 11--11
[][] 
 []

[3

]
Overfull \hbox (6.0pt too wide) in paragraph at lines 20--20
[][] 
 []

LaTeX Font Info:    Try loading font information for OMS+pnc on input line 23.

("C:\Users\Administrator\AppData\Local\Programs\MiKTeX 2.9\tex\latex\psnfss\oms
pnc.fd"
File: omspnc.fd 
)
LaTeX Font Info:    Font shape `OMS/pnc/m/n' in size <10.95> not available
(Font)              Font shape `OMS/cmsy/m/n' tried instead on input line 23.
) [4

]
Overfull \hbox (6.0pt too wide) in paragraph at lines 19--19
[][] 
 []

(Main.toc
LaTeX Font Info:    Font shape `T1/pnc/bx/n' in size <10.95> not available
(Font)              Font shape `T1/pnc/b/n' tried instead on input line 2.
LaTeX Font Info:    Font shape `T1/pnc/bx/n' in size <12> not available
(Font)              Font shape `T1/pnc/b/n' tried instead on input line 4.
 [5


]
Underfull \vbox (badness 1242) has occurred while \output is active []

 [6]
LaTeX Font Info:    Font shape `T1/pnc/bx/it' in size <10.95> not available
(Font)              Font shape `T1/pnc/b/it' tried instead on input line 41.

Underfull \vbox (badness 1584) has occurred while \output is active []

 [7]
[8]
Overfull \hbox (1.29184pt too wide) detected at line 108
 []\T1/pnc/m/n/10.95 100
 []


Overfull \hbox (1.29184pt too wide) detected at line 109
 []\T1/pnc/m/n/10.95 101
 []


Overfull \hbox (1.29184pt too wide) detected at line 110
 []\T1/pnc/m/n/10.95 102
 []


Overfull \hbox (1.29184pt too wide) detected at line 112
 []\T1/pnc/m/n/10.95 104
 []


Overfull \hbox (1.29184pt too wide) detected at line 113
 []\T1/pnc/m/n/10.95 104
 []


Overfull \hbox (1.29184pt too wide) detected at line 114
 []\T1/pnc/m/n/10.95 106
 []


Overfull \hbox (1.29184pt too wide) detected at line 115
 []\T1/pnc/m/n/10.95 108
 []

[9]
Overfull \hbox (1.29184pt too wide) detected at line 116
 []\T1/pnc/m/n/10.95 108
 []


Overfull \hbox (1.29184pt too wide) detected at line 117
 []\T1/pnc/m/n/10.95 108
 []


Overfull \hbox (1.29184pt too wide) detected at line 122
 []\T1/pnc/m/n/10.95 114
 []


Overfull \hbox (1.29184pt too wide) detected at line 123
 []\T1/pnc/m/n/10.95 114
 []


Overfull \hbox (1.29184pt too wide) detected at line 124
 []\T1/pnc/m/n/10.95 115
 []


Overfull \hbox (1.29184pt too wide) detected at line 125
 []\T1/pnc/m/n/10.95 116
 []


Overfull \hbox (1.29184pt too wide) detected at line 126
 []\T1/pnc/m/n/10.95 116
 []


Overfull \hbox (1.29184pt too wide) detected at line 127
 []\T1/pnc/m/n/10.95 118
 []


Overfull \hbox (1.29184pt too wide) detected at line 129
 []\T1/pnc/m/n/10.95 119
 []


Overfull \hbox (1.29184pt too wide) detected at line 130
 []\T1/pnc/m/n/10.95 121
 []


Overfull \hbox (1.29184pt too wide) detected at line 131
 []\T1/pnc/m/n/10.95 122
 []


Overfull \hbox (1.29184pt too wide) detected at line 132
 []\T1/pnc/m/n/10.95 125
 []


Overfull \hbox (1.29184pt too wide) detected at line 134
 []\T1/pnc/m/n/10.95 128
 []


Overfull \hbox (1.29184pt too wide) detected at line 135
 []\T1/pnc/m/n/10.95 128
 []


Overfull \hbox (1.29184pt too wide) detected at line 136
 []\T1/pnc/m/n/10.95 129
 []


Overfull \hbox (1.29184pt too wide) detected at line 137
 []\T1/pnc/m/n/10.95 129
 []


Underfull \vbox (badness 1242) has occurred while \output is active []

 [10]
Overfull \hbox (1.29184pt too wide) detected at line 138
 []\T1/pnc/m/n/10.95 131
 []


Overfull \hbox (1.29184pt too wide) detected at line 139
 []\T1/pnc/m/n/10.95 131
 []


Overfull \hbox (1.29184pt too wide) detected at line 140
 []\T1/pnc/m/n/10.95 133
 []


Overfull \hbox (1.29184pt too wide) detected at line 142
 []\T1/pnc/m/n/10.95 136
 []


Overfull \hbox (1.29184pt too wide) detected at line 143
 []\T1/pnc/m/n/10.95 136
 []


Overfull \hbox (1.29184pt too wide) detected at line 144
 []\T1/pnc/m/n/10.95 139
 []


Overfull \hbox (1.29184pt too wide) detected at line 149
 []\T1/pnc/m/n/10.95 144
 []


Overfull \hbox (1.29184pt too wide) detected at line 150
 []\T1/pnc/m/n/10.95 144
 []


Overfull \hbox (1.29184pt too wide) detected at line 151
 []\T1/pnc/m/n/10.95 145
 []


Overfull \hbox (1.29184pt too wide) detected at line 152
 []\T1/pnc/m/n/10.95 146
 []


Overfull \hbox (1.29184pt too wide) detected at line 153
 []\T1/pnc/m/n/10.95 146
 []


Overfull \hbox (1.29184pt too wide) detected at line 154
 []\T1/pnc/m/n/10.95 147
 []


Overfull \hbox (1.29184pt too wide) detected at line 155
 []\T1/pnc/m/n/10.95 148
 []


Overfull \hbox (1.29184pt too wide) detected at line 157
 []\T1/pnc/m/n/10.95 152
 []


Overfull \hbox (1.29184pt too wide) detected at line 158
 []\T1/pnc/m/n/10.95 153
 []


Overfull \hbox (1.29184pt too wide) detected at line 159
 []\T1/pnc/m/n/10.95 153
 []


Underfull \vbox (badness 1242) has occurred while \output is active []

 [11]
Overfull \hbox (1.29184pt too wide) detected at line 160
 []\T1/pnc/m/n/10.95 156
 []


Overfull \hbox (1.29184pt too wide) detected at line 161
 []\T1/pnc/m/n/10.95 157
 []


Overfull \hbox (1.29184pt too wide) detected at line 162
 []\T1/pnc/m/n/10.95 157
 []


Overfull \hbox (1.29184pt too wide) detected at line 163
 []\T1/pnc/m/n/10.95 158
 []


Overfull \hbox (1.29184pt too wide) detected at line 164
 []\T1/pnc/m/n/10.95 158
 []


Overfull \hbox (1.29184pt too wide) detected at line 166
 []\T1/pnc/m/n/10.95 160
 []


Overfull \hbox (1.29184pt too wide) detected at line 167
 []\T1/pnc/m/n/10.95 160
 []


Overfull \hbox (1.29184pt too wide) detected at line 168
 []\T1/pnc/m/n/10.95 163
 []


Overfull \hbox (1.29184pt too wide) detected at line 169
 []\T1/pnc/m/n/10.95 165
 []


Overfull \hbox (1.29184pt too wide) detected at line 170
 []\T1/pnc/m/n/10.95 167
 []

)
\tf@toc=\write4
\openout4 = `Main.toc'.

 [12]
Overfull \hbox (6.0pt too wide) in paragraph at lines 20--20
[][] 
 []

(Main.lof
Overfull \hbox (0.41357pt too wide) in paragraph at lines 10--10
 [][] [][][]\T1/pnc/m/n/10.95 Modèle et va-leurs phy-sio-lo-giques de Gull-stra
nd, image ti-rée de [[][]Liou & Bren- 
 []


Underfull \vbox (badness 10000) has occurred while \output is active []

 [13

]
Underfull \vbox (badness 10000) has occurred while \output is active []

 [14]
Overfull \hbox (1.71983pt too wide) in paragraph at lines 61--61
 [][] [][][]\T1/pnc/m/n/10.95 Variation de la dis-tance in-ter-ocu-laire sur la
 po-pu-la-tion. Image ti-rée de [[][]Dodg- 
 []

[15]
Overfull \hbox (1.29184pt too wide) detected at line 71
 []\T1/pnc/m/n/10.95 103
 []


Overfull \hbox (1.29184pt too wide) detected at line 73
 []\T1/pnc/m/n/10.95 105
 []


Overfull \hbox (1.29184pt too wide) detected at line 74
 []\T1/pnc/m/n/10.95 107
 []


Overfull \hbox (1.29184pt too wide) detected at line 76
 []\T1/pnc/m/n/10.95 115
 []


Overfull \hbox (1.29184pt too wide) detected at line 77
 []\T1/pnc/m/n/10.95 117
 []


Overfull \hbox (1.29184pt too wide) detected at line 79
 []\T1/pnc/m/n/10.95 120
 []


Overfull \hbox (1.29184pt too wide) detected at line 80
 []\T1/pnc/m/n/10.95 121
 []


Overfull \hbox (1.29184pt too wide) detected at line 81
 []\T1/pnc/m/n/10.95 123
 []


Overfull \hbox (1.29184pt too wide) detected at line 82
 []\T1/pnc/m/n/10.95 123
 []


Overfull \hbox (1.29184pt too wide) detected at line 83
 []\T1/pnc/m/n/10.95 124
 []


Overfull \hbox (1.29184pt too wide) detected at line 84
 []\T1/pnc/m/n/10.95 125
 []


Overfull \hbox (1.29184pt too wide) detected at line 85
 []\T1/pnc/m/n/10.95 126
 []


Overfull \hbox (1.29184pt too wide) detected at line 86
 []\T1/pnc/m/n/10.95 127
 []


Overfull \hbox (1.29184pt too wide) detected at line 87
 []\T1/pnc/m/n/10.95 127
 []


Overfull \hbox (1.29184pt too wide) detected at line 89
 []\T1/pnc/m/n/10.95 129
 []


Overfull \hbox (1.29184pt too wide) detected at line 90
 []\T1/pnc/m/n/10.95 131
 []


Overfull \hbox (1.29184pt too wide) detected at line 91
 []\T1/pnc/m/n/10.95 132
 []


Underfull \vbox (badness 10000) has occurred while \output is active []

 [16]
Overfull \hbox (1.29184pt too wide) detected at line 93
 []\T1/pnc/m/n/10.95 138
 []


Overfull \hbox (1.29184pt too wide) detected at line 94
 []\T1/pnc/m/n/10.95 138
 []


Overfull \hbox (1.29184pt too wide) detected at line 95
 []\T1/pnc/m/n/10.95 138
 []


Overfull \hbox (1.29184pt too wide) detected at line 97
 []\T1/pnc/m/n/10.95 149
 []


Overfull \hbox (1.29184pt too wide) detected at line 98
 []\T1/pnc/m/n/10.95 150
 []


Overfull \hbox (1.29184pt too wide) detected at line 99
 []\T1/pnc/m/n/10.95 150
 []


Overfull \hbox (1.29184pt too wide) detected at line 101
 []\T1/pnc/m/n/10.95 154
 []


Overfull \hbox (1.29184pt too wide) detected at line 102
 []\T1/pnc/m/n/10.95 155
 []


Overfull \hbox (1.29184pt too wide) detected at line 103
 []\T1/pnc/m/n/10.95 156
 []


Overfull \hbox (1.29184pt too wide) detected at line 104
 []\T1/pnc/m/n/10.95 159
 []


Overfull \hbox (1.29184pt too wide) detected at line 106
 []\T1/pnc/m/n/10.95 161
 []


Overfull \hbox (1.29184pt too wide) detected at line 107
 []\T1/pnc/m/n/10.95 162
 []


Overfull \hbox (1.29184pt too wide) detected at line 108
 []\T1/pnc/m/n/10.95 162
 []


Overfull \hbox (1.29184pt too wide) detected at line 109
 []\T1/pnc/m/n/10.95 164
 []


Overfull \hbox (1.29184pt too wide) detected at line 110
 []\T1/pnc/m/n/10.95 165
 []


Overfull \hbox (1.29184pt too wide) detected at line 111
 []\T1/pnc/m/n/10.95 170
 []


Overfull \hbox (1.29184pt too wide) detected at line 112
 []\T1/pnc/m/n/10.95 172
 []


Overfull \hbox (1.29184pt too wide) detected at line 113
 []\T1/pnc/m/n/10.95 173
 []


Overfull \hbox (1.29184pt too wide) detected at line 114
 []\T1/pnc/m/n/10.95 174
 []


Overfull \hbox (1.29184pt too wide) detected at line 115
 []\T1/pnc/m/n/10.95 174
 []


Overfull \hbox (1.29184pt too wide) detected at line 116
 []\T1/pnc/m/n/10.95 175
 []

)
\tf@lof=\write5
\openout5 = `Main.lof'.


Underfull \vbox (badness 10000) has occurred while \output is active []

 [17]
[18]
Overfull \hbox (6.0pt too wide) in paragraph at lines 21--21
[][] 
 []

(Main.lot
Overfull \hbox (1.29184pt too wide) detected at line 20
 []\T1/pnc/m/n/10.95 101
 []


Overfull \hbox (1.29184pt too wide) detected at line 21
 []\T1/pnc/m/n/10.95 102
 []


Overfull \hbox (1.29184pt too wide) detected at line 23
 []\T1/pnc/m/n/10.95 105
 []


Overfull \hbox (1.29184pt too wide) detected at line 24
 []\T1/pnc/m/n/10.95 106
 []


Overfull \hbox (1.29184pt too wide) detected at line 27
 []\T1/pnc/m/n/10.95 120
 []


Overfull \hbox (1.29184pt too wide) detected at line 28
 []\T1/pnc/m/n/10.95 122
 []


Overfull \hbox (1.29184pt too wide) detected at line 29
 []\T1/pnc/m/n/10.95 125
 []


Overfull \hbox (1.29184pt too wide) detected at line 31
 []\T1/pnc/m/n/10.95 135
 []


Overfull \hbox (2.00049pt too wide) in paragraph at lines 31--31
 [][] [][][]\T1/pnc/m/n/10.95 Valeurs des nuances de gris du sti-mu-lus né-ces-
saire pour af-fi-cher un contraste 
 []


Underfull \vbox (badness 10000) has occurred while \output is active []

 [19

]
Overfull \hbox (1.29184pt too wide) detected at line 32
 []\T1/pnc/m/n/10.95 135
 []


Overfull \hbox (2.00049pt too wide) in paragraph at lines 32--32
 [][] [][][]\T1/pnc/m/n/10.95 Valeurs des nuances de gris du sti-mu-lus né-ces-
saire pour af-fi-cher un contraste 
 []


Overfull \hbox (1.29184pt too wide) detected at line 34
 []\T1/pnc/m/n/10.95 137
 []


Overfull \hbox (1.29184pt too wide) detected at line 35
 []\T1/pnc/m/n/10.95 139
 []


Overfull \hbox (1.29184pt too wide) detected at line 36
 []\T1/pnc/m/n/10.95 140
 []


Overfull \hbox (1.29184pt too wide) detected at line 39
 []\T1/pnc/m/n/10.95 155
 []


Overfull \hbox (1.29184pt too wide) detected at line 41
 []\T1/pnc/m/n/10.95 161
 []


Overfull \hbox (1.29184pt too wide) detected at line 42
 []\T1/pnc/m/n/10.95 163
 []


Overfull \hbox (1.29184pt too wide) detected at line 43
 []\T1/pnc/m/n/10.95 166
 []

)
\tf@lot=\write6
\openout6 = `Main.lot'.

 [20]
\openout2 = `Chapitres/INTRO.aux'.

 (Chapitres/INTRO.tex
Overfull \hbox (6.0pt too wide) in paragraph at lines 1--1
[][] 
 []


Underfull \vbox (badness 10000) has occurred while \output is active []

 [1



])
[2]
\openout2 = `Chapitres/EDLA.aux'.

 (Chapitres/EDLA.tex
LaTeX Font Info:    Font shape `T1/pnc/bx/n' in size <20.74> not available
(Font)              Font shape `T1/pnc/b/n' tried instead on input line 1.
LaTeX Font Info:    Font shape `T1/pnc/bx/n' in size <24.88> not available
(Font)              Font shape `T1/pnc/b/n' tried instead on input line 1.
 [3



]
Chapitre 1.
LaTeX Font Info:    Try loading font information for T1+pcr on input line 14.

("C:\Users\Administrator\AppData\Local\Programs\MiKTeX 2.9\tex\latex\psnfss\t1p
cr.fd"
File: t1pcr.fd 2001/06/04 font definitions for T1/pcr.
) [4

]
Overfull \hbox (2.01044pt too wide) in paragraph at lines 18--19
[]\T1/pnc/m/n/10.95 Tendance lit-té-raire et ar-tis-tique du XIXe siècle qui pr
i-vi-lé-gie la re-pré-sen-ta-tion exacte,
 []

<Figures/BokehIllustration.png, id=1259, 405.6756pt x 269.3262pt>
File: Figures/BokehIllustration.png Graphic file (type png)

<use Figures/BokehIllustration.png>
Package pdftex.def Info: Figures/BokehIllustration.png used on input line 29.
(pdftex.def)             Requested size: 304.25595pt x 201.99416pt.
 [5] [6 <./Figures/BokehIllustration.png>]
<Figures/AcceptationsRealisme.png, id=1289, 650.9118pt x 271.2534pt>
File: Figures/AcceptationsRealisme.png Graphic file (type png)

<use Figures/AcceptationsRealisme.png>
Package pdftex.def Info: Figures/AcceptationsRealisme.png used on input line 59
.
(pdftex.def)             Requested size: 423.08766pt x 176.3126pt.
LaTeX Font Info:    Font shape `T1/pnc/bx/n' in size <14.4> not available
(Font)              Font shape `T1/pnc/b/n' tried instead on input line 65.
 [7 <./Figures/AcceptationsRealisme.png>] <Figures/CadreEtude.png, id=1307, 642
.7212pt x 304.9794pt>
File: Figures/CadreEtude.png Graphic file (type png)

<use Figures/CadreEtude.png>
Package pdftex.def Info: Figures/CadreEtude.png used on input line 86.
(pdftex.def)             Requested size: 417.76384pt x 198.23425pt.
 [8] [9 <./Figures/CadreEtude.png>]
Chapitre 2.
[10

] [11] <Figures/SchemaOeil.png, id=1377, 732.7375pt x 431.6125pt>
File: Figures/SchemaOeil.png Graphic file (type png)

<use Figures/SchemaOeil.png>
Package pdftex.def Info: Figures/SchemaOeil.png used on input line 130.
(pdftex.def)             Requested size: 293.08981pt x 172.64194pt.

<Figures/DensiteConesBatonnets.png, id=1378, 1003.75pt x 611.28375pt>
File: Figures/DensiteConesBatonnets.png Graphic file (type png)

<use Figures/DensiteConesBatonnets.png>
Package pdftex.def Info: Figures/DensiteConesBatonnets.png used on input line 1
37.
(pdftex.def)             Requested size: 351.31776pt x 213.95251pt.

Underfull \vbox (badness 2680) has occurred while \output is active []

 [12 <./Figures/SchemaOeil.png>]
<Figures/PointsSystemeOptique.png, id=1388, 799.3062pt x 305.943pt>
File: Figures/PointsSystemeOptique.png Graphic file (type png)

<use Figures/PointsSystemeOptique.png>
Package pdftex.def Info: Figures/PointsSystemeOptique.png used on input line 15
5.
(pdftex.def)             Requested size: 399.65211pt x 152.97112pt.
 [13 <./Figures/DensiteConesBatonnets.png>] <Figures/GullstrandModel.png, id=14
03, 260.70734pt x 202.8378pt>
File: Figures/GullstrandModel.png Graphic file (type png)

<use Figures/GullstrandModel.png>
Package pdftex.def Info: Figures/GullstrandModel.png used on input line 176.
(pdftex.def)             Requested size: 325.88335pt x 253.54662pt.

<Figures/LiouBrennanModel.png, id=1408, 388.07169pt x 195.55412pt>
File: Figures/LiouBrennanModel.png Graphic file (type png)

<use Figures/LiouBrennanModel.png>
Package pdftex.def Info: Figures/LiouBrennanModel.png used on input line 183.
(pdftex.def)             Requested size: 388.07072pt x 195.55363pt.
 [14 <./Figures/PointsSystemeOptique.png>]
[15 <./Figures/GullstrandModel.png> <./Figures/LiouBrennanModel.png>]
<Figures/HoropterePanum.png, id=1430, 472.76625pt x 325.215pt>
File: Figures/HoropterePanum.png Graphic file (type png)

<use Figures/HoropterePanum.png>
Package pdftex.def Info: Figures/HoropterePanum.png used on input line 207.
(pdftex.def)             Requested size: 260.02223pt x 178.86879pt.
 [16] [17 <./Figures/HoropterePanum.png>]
<Figures/StructureRetinae.png, id=1466, 847.66687pt x 464.4853pt>
File: Figures/StructureRetinae.png Graphic file (type png)

<use Figures/StructureRetinae.png>
Package pdftex.def Info: Figures/StructureRetinae.png used on input line 231.
(pdftex.def)             Requested size: 381.44656pt x 209.01645pt.

Underfull \vbox (badness 7796) has occurred while \output is active []

 [18 <./Figures/StructureRetinae.png>]
<Figures/VoiesVentraleDorsale.png, id=1484, 920.7198pt x 542.025pt>
File: Figures/VoiesVentraleDorsale.png Graphic file (type png)

<use Figures/VoiesVentraleDorsale.png>
Package pdftex.def Info: Figures/VoiesVentraleDorsale.png used on input line 24
8.
(pdftex.def)             Requested size: 322.25676pt x 189.71158pt.
 [19 <./Figures/VoiesVentraleDorsale.png>] <Figures/OpponentColorsTheory.png, i
d=1502, 651.8754pt x 192.72pt>
File: Figures/OpponentColorsTheory.png Graphic file (type png)

<use Figures/OpponentColorsTheory.png>
Package pdftex.def Info: Figures/OpponentColorsTheory.png used on input line 25
9.
(pdftex.def)             Requested size: 391.12825pt x 115.63287pt.

<Figures/ContrastSensitivityFunctionAcuity.png, id=1510, 502.87875pt x 572.1375
pt>
File: Figures/ContrastSensitivityFunctionAcuity.png Graphic file (type png)
 <use Figures/ContrastSensitivityFunctionAcuity.png>
Package pdftex.def Info: Figures/ContrastSensitivityFunctionAcuity.png used on 
input line 268.
(pdftex.def)             Requested size: 226.29333pt x 257.45949pt.
 [20 <./Figures/OpponentColorsTheory.png>] [21 <./Figures/ContrastSensitivityFu
nctionAcuity.png>]
Chapitre 3.
[22

] <Figures/CIELABAxes.png, id=1548, 353.6412pt x 86.2422pt>
File: Figures/CIELABAxes.png Graphic file (type png)

<use Figures/CIELABAxes.png>
Package pdftex.def Info: Figures/CIELABAxes.png used on input line 296.
(pdftex.def)             Requested size: 353.64032pt x 86.24197pt.
 [23 <./Figures/CIELABAxes.png>]
<Figures/PhotopiqueMesopiqueScotopique.png, id=1567, 400.3758pt x 46.2528pt>
File: Figures/PhotopiqueMesopiqueScotopique.png Graphic file (type png)

<use Figures/PhotopiqueMesopiqueScotopique.png>
Package pdftex.def Info: Figures/PhotopiqueMesopiqueScotopique.png used on inpu
t line 333.
(pdftex.def)             Requested size: 400.3748pt x 46.25269pt.

<Figures/StandardObsCurves.png, id=1569, 321.2pt x 194.7275pt>
File: Figures/StandardObsCurves.png Graphic file (type png)

<use Figures/StandardObsCurves.png>
Package pdftex.def Info: Figures/StandardObsCurves.png used on input line 342.
(pdftex.def)             Requested size: 321.19922pt x 194.727pt.
 [24 <./Figures/PhotopiqueMesopiqueScotopique.png>]
Overfull \hbox (7.79176pt too wide) in paragraph at lines 372--373
[]\T1/pnc/m/n/10.95 Enfin, il faut at-tendre 2010 pour voir ap-pa-raitre l'\T1/
pnc/m/it/10.95 Observateur Stan-dard Mé-so-pique\T1/pnc/m/n/10.95 , $\OML/cmm/m
/it/10.95 V[]\OT1/cmr/m/n/10.95 (\OML/cmm/m/it/10.95 \OT1/cmr/m/n/10.95 )$\T1/
pnc/m/n/10.95 ,
 []

[25 <./Figures/StandardObsCurves.png>]
<Figures/IlluminantD65.png, id=1596, 732.48656pt x 450.9347pt>
File: Figures/IlluminantD65.png Graphic file (type png)

<use Figures/IlluminantD65.png>
Package pdftex.def Info: Figures/IlluminantD65.png used on input line 409.
(pdftex.def)             Requested size: 329.61589pt x 202.91873pt.
 [26] [27 <./Figures/IlluminantD65.png>]
[28]
Chapitre 4.

Underfull \hbox (badness 2529) in paragraph at lines 472--472
[][][]\T1/pnc/m/n/9 .[][]Contraste. (s.d.). Dans \T1/pnc/m/it/9 Dic-tion-naire 
La-rousse en ligne\T1/pnc/m/n/9 . Re-péré à [][]$\T1/pcr/m/n/9 http : / / www .
 larousse . fr /$
 []

[29

] [30] [31] [32]
Chapitre 5.
<Figures/IndicesProfondeur.png, id=1730, 413.3844pt x 200.4288pt>
File: Figures/IndicesProfondeur.png Graphic file (type png)

<use Figures/IndicesProfondeur.png>
Package pdftex.def Info: Figures/IndicesProfondeur.png used on input line 566.
(pdftex.def)             Requested size: 413.38338pt x 200.4283pt.
 [33

] [34 <./Figures/IndicesProfondeur.png>] <Figures/PerspectivesProfondeur.png, i
d=1752, 1540.75626pt x 879.285pt>
File: Figures/PerspectivesProfondeur.png Graphic file (type png)

<use Figures/PerspectivesProfondeur.png>
Package pdftex.def Info: Figures/PerspectivesProfondeur.png used on input line 
594.
(pdftex.def)             Requested size: 385.18813pt x 219.82071pt.
 [35 <./Figures/PerspectivesProfondeur.png>]
Chapitre 6.
[36

] <Figures/ProfondeurStereoDIO.png, id=1776, 919.18407pt x 539.01375pt>
File: Figures/ProfondeurStereoDIO.png Graphic file (type png)

<use Figures/ProfondeurStereoDIO.png>
Package pdftex.def Info: Figures/ProfondeurStereoDIO.png used on input line 611
.
(pdftex.def)             Requested size: 459.59091pt x 269.50621pt.

Overfull \hbox (6.62302pt too wide) in paragraph at lines 611--612
 [][] 
 []

[37 <./Figures/ProfondeurStereoDIO.png>]
<Figures/AbaqueDIO.png, id=1789, 463.9734pt x 414.8298pt>
File: Figures/AbaqueDIO.png Graphic file (type png)

<use Figures/AbaqueDIO.png>
Package pdftex.def Info: Figures/AbaqueDIO.png used on input line 632.
(pdftex.def)             Requested size: 371.17921pt x 331.86429pt.

Underfull \vbox (badness 10000) has occurred while \output is active []

 [38 <./Figures/AbaqueDIO.png>]
Underfull \hbox (badness 8019) in paragraph at lines 642--642
[][][]\T1/pnc/m/n/9 .[][]Craig Bla-ck-well. 3 dé-cembre 2014. Aging Eye 1 : Vi-
sion [Vi-déo en ligne]. Re-péré à
 []

<Figures/ConeDensityAge.png, id=1817, 702.37407pt x 574.39594pt>
File: Figures/ConeDensityAge.png Graphic file (type png)

<use Figures/ConeDensityAge.png>
Package pdftex.def Info: Figures/ConeDensityAge.png used on input line 646.
(pdftex.def)             Requested size: 351.18617pt x 287.19725pt.
) [39 <./Figures/ConeDensityAge.png>]
\openout2 = `Chapitres/MDLVI.aux'.


(Chapitres/MDLVI.tex [40



]
Overfull \hbox (6.0pt too wide) in paragraph at lines 2--2
[][] 
 []

[41

]
Chapitre 1.
[42

]
LaTeX Font Info:    Font shape `T1/pnc/bx/it' in size <17.28> not available
(Font)              Font shape `T1/pnc/b/it' tried instead on input line 39.
 [43] [44]
<Figures/FerwerdaAdaptationSteps.png, id=1926, 370.38374pt x 652.68843pt>
File: Figures/FerwerdaAdaptationSteps.png Graphic file (type png)

<use Figures/FerwerdaAdaptationSteps.png>
Package pdftex.def Info: Figures/FerwerdaAdaptationSteps.png used on input line
 69.
(pdftex.def)             Requested size: 370.38283pt x 652.68684pt.


LaTeX Warning: Float too large for page by 9.50055pt on input line 72.

[45] [46 <./Figures/FerwerdaAdaptationSteps.png>]
Chapitre 2.
<Figures/FlowChartPattanaik.png, id=1943, 602.25pt x 179.2296pt>
File: Figures/FlowChartPattanaik.png Graphic file (type png)

<use Figures/FlowChartPattanaik.png>
Package pdftex.def Info: Figures/FlowChartPattanaik.png used on input line 90.
(pdftex.def)             Requested size: 451.68639pt x 134.42184pt.
 [47

] [48 <./Figures/FlowChartPattanaik.png>] [49]
LaTeX Font Info:    Font shape `T1/pnc/bx/n' in size <10> not available
(Font)              Font shape `T1/pnc/b/n' tried instead on input line 187.

Overfull \hbox (19.05753pt too wide) in paragraph at lines 226--227
\T1/pnc/m/n/10.95 ment (Eq. [][]30[][]). On passe d'une dé-com-po-si-tion de la
 lu-mière en mode chro-ma-tique/achromatique
 []

[50] <Figures/PattanaikFullModel.png, id=2036, 261.6286pt x 523.2348pt>
File: Figures/PattanaikFullModel.png Graphic file (type png)

<use Figures/PattanaikFullModel.png>
Package pdftex.def Info: Figures/PattanaikFullModel.png used on input line 230.

(pdftex.def)             Requested size: 327.03493pt x 654.0419pt.


LaTeX Warning: Float too large for page by 9.93036pt on input line 233.

[51] [52 <./Figures/PattanaikFullModel.png>]
Chapitre 3.
[53

] [54]
Overfull \hbox (6.0pt too wide) in paragraph at lines 282--282
[][] 
 []

) [55

]
\openout2 = `Chapitres/SDR-INTRO.aux'.

 (Chapitres/SDR-INTRO.tex [56



]
Overfull \hbox (6.0pt too wide) in paragraph at lines 2--2
[][] 
 []

) [57

]
\openout2 = `Chapitres/SDR-GENE.aux'.

 (Chapitres/SDR-GENE.tex
Chapitre 1.
<Figures/ImageQualityWinkler.png, id=2119, 417.7206pt x 199.4652pt>
File: Figures/ImageQualityWinkler.png Graphic file (type png)

<use Figures/ImageQualityWinkler.png>
Package pdftex.def Info: Figures/ImageQualityWinkler.png used on input line 6.
(pdftex.def)             Requested size: 417.71957pt x 199.4647pt.

Underfull \vbox (badness 3158) has occurred while \output is active []

 [58



]
[59 <./Figures/ImageQualityWinkler.png>]
<Figures/SignalDetectionTheory.png, id=2162, 761.244pt x 439.4016pt>
File: Figures/SignalDetectionTheory.png Graphic file (type png)

<use Figures/SignalDetectionTheory.png>
Package pdftex.def Info: Figures/SignalDetectionTheory.png used on input line 3
3.
(pdftex.def)             Requested size: 380.62106pt x 219.70026pt.
 [60 <./Figures/SignalDetectionTheory.png>] <Figures/BurdeaCoiffetTableau.png, 
id=2171, 540.0978pt x 762.6894pt>
File: Figures/BurdeaCoiffetTableau.png Graphic file (type png)

<use Figures/BurdeaCoiffetTableau.png>
Package pdftex.def Info: Figures/BurdeaCoiffetTableau.png used on input line 61
.
(pdftex.def)             Requested size: 405.07236pt x 572.01566pt.
 [61] [62 <./Figures/BurdeaCoiffetTableau.png>]
Chapitre 2.

Underfull \vbox (badness 1577) has occurred while \output is active []

 [63

]
<Figures/ImageBias.png, id=2187, 887.9574pt x 397.0032pt>
File: Figures/ImageBias.png Graphic file (type png)

<use Figures/ImageBias.png>
Package pdftex.def Info: Figures/ImageBias.png used on input line 88.
(pdftex.def)             Requested size: 399.57713pt x 178.64978pt.
 [64 <./Figures/ImageBias.png>]
<Figures/EDLAProcessScoreTarget.png, id=2193, 848.4498pt x 361.35pt>
File: Figures/EDLAProcessScoreTarget.png Graphic file (type png)

<use Figures/EDLAProcessScoreTarget.png>
Package pdftex.def Info: Figures/EDLAProcessScoreTarget.png used on input line 
106.
(pdftex.def)             Requested size: 424.22386pt x 180.67456pt.
 [65 <./Figures/EDLAProcessScoreTarget.png>]
Chapitre 3.

Underfull \hbox (badness 10000) in paragraph at lines 114--114
[][][]\T1/pnc/m/n/9 .[][]Acuité vi-suelle. Dans \T1/pnc/m/it/9 Vul-ga-ris Mé-di
-cal\T1/pnc/m/n/9 . Consulté le 20/09/2017, http ://www.vulgaris-
 []

[66

] <Figures/Modele1.png, id=2208, 512.1534pt x 342.5598pt>
File: Figures/Modele1.png Graphic file (type png)

<use Figures/Modele1.png>
Package pdftex.def Info: Figures/Modele1.png used on input line 154.
(pdftex.def)             Requested size: 409.72327pt x 274.04819pt.
 [67]
<Figures/Modele2.png, id=2215, 538.1706pt x 288.1164pt>
File: Figures/Modele2.png Graphic file (type png)

<use Figures/Modele2.png>
Package pdftex.def Info: Figures/Modele2.png used on input line 168.
(pdftex.def)             Requested size: 430.53706pt x 230.49341pt.

Underfull \vbox (badness 10000) has occurred while \output is active []

 [68 <./Figures/Modele1.png>] <Figures/Modele3.png, id=2222, 391.7034pt x 655.7
298pt>
File: Figures/Modele3.png Graphic file (type png)

<use Figures/Modele3.png>
Package pdftex.def Info: Figures/Modele3.png used on input line 182.
(pdftex.def)             Requested size: 391.70244pt x 655.7282pt.

Underfull \vbox (badness 10000) has occurred while \output is active []

 [69 <./Figures/Modele2.png>] [70 <./Figures/Modele3.png>]
Overfull \hbox (0.25197pt too wide) in paragraph at lines 193--194
[]\T1/pnc/b/n/10.95 Indices de vi-sion : \T1/pnc/m/n/10.95 contraste et lu-mi-n
o-sité (lu-mi-nance), images par se-conde, nombre
 []

<Figures/ModeleDefinitif.png, id=2237, 251.9814pt x 383.031pt>
File: Figures/ModeleDefinitif.png Graphic file (type png)

<use Figures/ModeleDefinitif.png>
Package pdftex.def Info: Figures/ModeleDefinitif.png used on input line 205.
(pdftex.def)             Requested size: 340.17557pt x 517.09291pt.
) [71] [72 <./Figures/ModeleDefinitif.png>]
\openout2 = `Chapitres/SDR-DISP.aux'.


(Chapitres/SDR-DISP.tex
Chapitre 4.

Underfull \vbox (badness 10000) has occurred while \output is active []

 [73



]
<Figures/EyeContrastSensitivity.png, id=2254, 366.9961pt x 339.89484pt>
File: Figures/EyeContrastSensitivity.png Graphic file (type png)

<use Figures/EyeContrastSensitivity.png>
Package pdftex.def Info: Figures/EyeContrastSensitivity.png used on input line 
14.
(pdftex.def)             Requested size: 330.29341pt x 305.90251pt.

Underfull \vbox (badness 10000) has occurred while \output is active []

 [74 <./Figures/EyeContrastSensitivity.png>]
<Figures/CourbesReaExemple.png, id=2269, 765.0984pt x 310.761pt>
File: Figures/CourbesReaExemple.png Graphic file (type png)

<use Figures/CourbesReaExemple.png>
Package pdftex.def Info: Figures/CourbesReaExemple.png used on input line 32.
(pdftex.def)             Requested size: 382.54826pt x 155.38011pt.
 [75]
<Figures/MouvementBetaEffetPhi.png, id=2284, 663.9204pt x 405.6756pt>
File: Figures/MouvementBetaEffetPhi.png Graphic file (type png)

<use Figures/MouvementBetaEffetPhi.png>
Package pdftex.def Info: Figures/MouvementBetaEffetPhi.png used on input line 4
8.
(pdftex.def)             Requested size: 365.15735pt x 223.12227pt.
 [76 <./Figures/CourbesReaExemple.png>]
[77 <./Figures/MouvementBetaEffetPhi.png>]
<Figures/FPS.png, id=2325, 401.5pt x 401.5pt>
File: Figures/FPS.png Graphic file (type png)
 <use Figures/FPS.png>
Package pdftex.def Info: Figures/FPS.png used on input line 86.
(pdftex.def)             Requested size: 301.12425pt x 301.12425pt.
 [78]

LaTeX Warning: `h' float specifier changed to `ht'.

<Figures/GamutBT2020.png, id=2354, 297.36093pt x 321.45094pt>
File: Figures/GamutBT2020.png Graphic file (type png)

<use Figures/GamutBT2020.png>
Package pdftex.def Info: Figures/GamutBT2020.png used on input line 121.
(pdftex.def)             Requested size: 267.62236pt x 289.30316pt.
 [79 <./Figures/FPS.png (PNG copy)>] [80 <./Figures/GamutBT2020.png>] <Figures/
Color.png, id=2365, 301.125pt x 301.125pt>
File: Figures/Color.png Graphic file (type png)

<use Figures/Color.png>
Package pdftex.def Info: Figures/Color.png used on input line 145.
(pdftex.def)             Requested size: 301.12425pt x 301.12425pt.
 [81 <./Figures/Color.png>]
<Figures/ChampVisionHorizontal.png, id=2376, 820.9872pt x 352.1958pt>
File: Figures/ChampVisionHorizontal.png Graphic file (type png)

<use Figures/ChampVisionHorizontal.png>
Package pdftex.def Info: Figures/ChampVisionHorizontal.png used on input line 1
68.
(pdftex.def)             Requested size: 410.4926pt x 176.09747pt.

Underfull \vbox (badness 1776) has occurred while \output is active []

 [82 <./Figures/ChampVisionHorizontal.png>]
<Figures/ChampVisionVertical.png, id=2387, 518.8986pt x 514.0806pt>
File: Figures/ChampVisionVertical.png Graphic file (type png)

<use Figures/ChampVisionVertical.png>
Package pdftex.def Info: Figures/ChampVisionVertical.png used on input line 186
.
(pdftex.def)             Requested size: 311.34155pt x 308.45074pt.
 [83 <./Figures/ChampVisionVertical.png>]
<Figures/FOV.png, id=2398, 301.125pt x 301.125pt>
File: Figures/FOV.png Graphic file (type png)
 <use Figures/FOV.png>
Package pdftex.def Info: Figures/FOV.png used on input line 210.
(pdftex.def)             Requested size: 301.12425pt x 301.12425pt.

[84 <./Figures/FOV.png>]
<Figures/AcuityICD9CM.png, id=2407, 681.2652pt x 474.573pt>
File: Figures/AcuityICD9CM.png Graphic file (type png)

<use Figures/AcuityICD9CM.png>
Package pdftex.def Info: Figures/AcuityICD9CM.png used on input line 224.
(pdftex.def)             Requested size: 408.76227pt x 284.74599pt.
 [85 <./Figures/AcuityICD9CM.png>]
<Figures/AcuityMono.png, id=2424, 401.5pt x 401.5pt>
File: Figures/AcuityMono.png Graphic file (type png)

<use Figures/AcuityMono.png>
Package pdftex.def Info: Figures/AcuityMono.png used on input line 266.
(pdftex.def)             Requested size: 301.12425pt x 301.12425pt.
 [86]
<Figures/FractionVariation.png, id=2444, 387.849pt x 279.9258pt>
File: Figures/FractionVariation.png Graphic file (type png)

<use Figures/FractionVariation.png>
Package pdftex.def Info: Figures/FractionVariation.png used on input line 288.
(pdftex.def)             Requested size: 387.84804pt x 279.92511pt.

<Figures/ANSURIPD.png, id=2445, 876.27374pt x 432.86719pt>
File: Figures/ANSURIPD.png Graphic file (type png)

<use Figures/ANSURIPD.png>
Package pdftex.def Info: Figures/ANSURIPD.png used on input line 295.
(pdftex.def)             Requested size: 438.13579pt x 216.43306pt.
 [87 <./Figures/AcuityMono.png (PNG copy)>] [88 <./Figures/FractionVariation.pn
g> <./Figures/ANSURIPD.png>]
<Figures/StereoAcuity.png, id=2471, 301.125pt x 301.125pt>
File: Figures/StereoAcuity.png Graphic file (type png)

<use Figures/StereoAcuity.png>
Package pdftex.def Info: Figures/StereoAcuity.png used on input line 326.
(pdftex.def)             Requested size: 271.00998pt x 271.00998pt.
) [89] [90 <./Figures/StereoAcuity.png>]
\openout2 = `Chapitres/SDR-IMM.aux'.


(Chapitres/SDR-IMM.tex
Chapitre 5.
[91



]
Underfull \vbox (badness 10000) has occurred while \output is active []

 [92]
<Figures/RecouvrementFOR.png, id=2509, 1229.0718pt x 482.2818pt>
File: Figures/RecouvrementFOR.png Graphic file (type png)

<use Figures/RecouvrementFOR.png>
Package pdftex.def Info: Figures/RecouvrementFOR.png used on input line 44.
(pdftex.def)             Requested size: 430.18158pt x 168.80115pt.

Underfull \vbox (badness 10000) has occurred while \output is active []

 [93 <./Figures/RecouvrementFOR.png>]
<Figures/StereoActiveAnaglyphGlasses.png, id=2523, 501.875pt x 170.6375pt>
File: Figures/StereoActiveAnaglyphGlasses.png Graphic file (type png)

<use Figures/StereoActiveAnaglyphGlasses.png>
Package pdftex.def Info: Figures/StereoActiveAnaglyphGlasses.png used on input 
line 65.
(pdftex.def)             Requested size: 401.50053pt x 136.51016pt.

Underfull \vbox (badness 2486) has occurred while \output is active []

 [94 <./Figures/StereoActiveAnaglyphGlasses.png>]
<Figures/StereoTechnoScore.png, id=2533, 361.35pt x 216.81pt>
File: Figures/StereoTechnoScore.png Graphic file (type png)

<use Figures/StereoTechnoScore.png>
Package pdftex.def Info: Figures/StereoTechnoScore.png used on input line 79.
(pdftex.def)             Requested size: 361.34912pt x 216.80946pt.
 [95 <./Figures/StereoTechnoScore.png>]
<Figures/TrackingCameraBody.png, id=2542, 739.563pt x 276.5532pt>
File: Figures/TrackingCameraBody.png Graphic file (type png)

<use Figures/TrackingCameraBody.png>
Package pdftex.def Info: Figures/TrackingCameraBody.png used on input line 89.
(pdftex.def)             Requested size: 443.74123pt x 165.9332pt.
 [96 <./Figures/TrackingCameraBody.png>]
[97] <Figures/EyeTrackerTobii.png, id=2564, 273.71552pt x 120.45pt>
File: Figures/EyeTrackerTobii.png Graphic file (type png)

<use Figures/EyeTrackerTobii.png>
Package pdftex.def Info: Figures/EyeTrackerTobii.png used on input line 118.
(pdftex.def)             Requested size: 273.71483pt x 120.44969pt.

<Figures/RedressementPlansVision.png, id=2565, 493.0922pt x 363.60844pt>
File: Figures/RedressementPlansVision.png Graphic file (type png)

<use Figures/RedressementPlansVision.png>
Package pdftex.def Info: Figures/RedressementPlansVision.png used on input line
 125.
(pdftex.def)             Requested size: 369.81824pt x 272.70566pt.
) [98 <./Figures/EyeTrackerTobii.png>] [99 <./Figures/RedressementPlansVision.p
ng>]
\openout2 = `Chapitres/SDR-POND.aux'.

 (Chapitres/SDR-POND.tex
Chapitre 6.
[100



]
Overfull \hbox (3.17223pt too wide) in paragraph at lines 33--33
|[]\T1/pnc/b/n/17.28 Tracking, sté-réo-sco-pie, conver-gence des ca-mé-
 []

[101] [102]
<Figures/ModeleDefinitifPondere.png, id=2631, 417.7206pt x 273.1806pt>
File: Figures/ModeleDefinitifPondere.png Graphic file (type png)

<use Figures/ModeleDefinitifPondere.png>
Package pdftex.def Info: Figures/ModeleDefinitifPondere.png used on input line 
84.
(pdftex.def)             Requested size: 417.71957pt x 273.17992pt.
) [103 <./Figures/ModeleDefinitifPondere.png>]
\openout2 = `Chapitres/SDR-EXPE.aux'.

 (Chapitres/SDR-EXPE.tex
Chapitre 7.

Underfull \hbox (badness 10000) in paragraph at lines 9--9
[][][]\T1/pnc/m/n/9 .[][][][]$\T1/pcr/m/n/9 http : / / www . oktal . fr / en / 
automotive / range-[]of-[]simulators / software$[][] \T1/pnc/m/n/9 (lien rac-co
urci :
 []

[104



] <Figures/AidedScale.png, id=2646, 353.1594pt x 72.27pt>
File: Figures/AidedScale.png Graphic file (type png)

<use Figures/AidedScale.png>
Package pdftex.def Info: Figures/AidedScale.png used on input line 31.
(pdftex.def)             Requested size: 353.15851pt x 72.2698pt.
 [105 <./Figures/AidedScale.png>]
<Figures/ResultsComparison.png, id=2655, 507.8172pt x 898.557pt>
File: Figures/ResultsComparison.png Graphic file (type png)

<use Figures/ResultsComparison.png>
Package pdftex.def Info: Figures/ResultsComparison.png used on input line 77.
(pdftex.def)             Requested size: 355.4696pt x 628.98561pt.

Underfull \vbox (badness 2205) has occurred while \output is active []

 [106]
[107 <./Figures/ResultsComparison.png>] [108]) [109]
\openout2 = `Chapitres/SDR-CONCL.aux'.

 (Chapitres/SDR-CONCL.tex
Overfull \hbox (6.0pt too wide) in paragraph at lines 1--1
[][] 
 []


Overfull \hbox (0.25197pt too wide) in paragraph at lines 11--12
[]\T1/pnc/b/n/10.95 Indices de vi-sion : \T1/pnc/m/n/10.95 contraste et lu-mi-n
o-sité (lu-mi-nance), images par se-conde, nombre
 []

[110



]
Overfull \hbox (0.5698pt too wide) in paragraph at lines 17--18
[]\T1/pnc/m/n/10.95 Néanmoins, il reste des points à dé-ve-lop-per. Cer-tains c
ri-tères ne sont pas abou-tis et doivent
 []

) [111]
\openout2 = `Chapitres/EXPE1.aux'.

 (Chapitres/EXPE1.tex [112



]
Overfull \hbox (6.0pt too wide) in paragraph at lines 3--3
[][] 
 []


Overfull \hbox (1.93489pt too wide) in paragraph at lines 6--7
[]\T1/pnc/m/n/10.95 Dans le cha-pitre pré-cé-dent, on a dé-crit deux ap-proches
 pos-sibles pour le cri-tère de contraste
 []

) [113

]
\openout2 = `Chapitres/EXPE1-REA.aux'.

 (Chapitres/EXPE1-REA.tex
Chapitre 1.
[114



] <Figures/CompressionEffect.png, id=2708, 666.23906pt x 188.20313pt>
File: Figures/CompressionEffect.png Graphic file (type png)

<use Figures/CompressionEffect.png>
Package pdftex.def Info: Figures/CompressionEffect.png used on input line 14.
(pdftex.def)             Requested size: 399.74652pt x 112.92273pt.
 [115 <./Figures/CompressionEffect.png>]
Overfull \hbox (16.71725pt too wide) in paragraph at lines 74--75
[]\T1/pnc/m/n/10.95 La per-for-mance va-rie as-sez peu entre des condi-tions mo
yenne et su-pé-rieure de contraste. 
 []

[116] <Figures/ReactionTimeApparatus.png, id=2736, 406.51875pt x 389.95688pt>
File: Figures/ReactionTimeApparatus.png Graphic file (type png)

<use Figures/ReactionTimeApparatus.png>
Package pdftex.def Info: Figures/ReactionTimeApparatus.png used on input line 8
9.
(pdftex.def)             Requested size: 304.8883pt x 292.46693pt.
 [117 <./Figures/ReactionTimeApparatus.png>]) [118]
\openout2 = `Chapitres/EXPE1-PRELIM.aux'.

 (Chapitres/EXPE1-PRELIM.tex
Chapitre 2.
<Figures/ChromameterCS100.png, id=2761, 152.06813pt x 187.45032pt>
File: Figures/ChromameterCS100.png Graphic file (type png)

<use Figures/ChromameterCS100.png>
Package pdftex.def Info: Figures/ChromameterCS100.png used on input line 6.
(pdftex.def)             Requested size: 152.06775pt x 187.44984pt.
 [119



]
Underfull \vbox (badness 3291) has occurred while \output is active []

 [120 <./Figures/ChromameterCS100.png>]
<Figures/EvolutionLuminanceGlobale.png, id=2777, 569.4876pt x 320.397pt>
File: Figures/EvolutionLuminanceGlobale.png Graphic file (type png)

<use Figures/EvolutionLuminanceGlobale.png>
Package pdftex.def Info: Figures/EvolutionLuminanceGlobale.png used on input li
ne 45.
(pdftex.def)             Requested size: 427.11465pt x 240.29715pt.
 [121 <./Figures/EvolutionLuminanceGlobale.png>]
<Figures/EvolutionLuminanceTarget.png, id=2786, 569.4876pt x 330.9966pt>
File: Figures/EvolutionLuminanceTarget.png Graphic file (type png)

<use Figures/EvolutionLuminanceTarget.png>
Package pdftex.def Info: Figures/EvolutionLuminanceTarget.png used on input lin
e 89.
(pdftex.def)             Requested size: 427.11465pt x 248.24683pt.

<Figures/DikablisProfessional.png, id=2791, 225.84375pt x 126.4725pt>
File: Figures/DikablisProfessional.png Graphic file (type png)

<use Figures/DikablisProfessional.png>
Package pdftex.def Info: Figures/DikablisProfessional.png used on input line 10
4.
(pdftex.def)             Requested size: 225.84319pt x 126.47218pt.
 [122] [123 <./Figures/EvolutionLuminanceTarget.png> <./Figures/DikablisProfess
ional.png>]
<Figures/LargeurPupillaireEnFonctionDuTemps.png, id=2806, 858.20625pt x 481.047
18pt>
File: Figures/LargeurPupillaireEnFonctionDuTemps.png Graphic file (type png)
 <use Figures/LargeurPupillaireEnFonctionDuTemps.png>
Package pdftex.def Info: Figures/LargeurPupillaireEnFonctionDuTemps.png used on
 input line 113.
(pdftex.def)             Requested size: 429.10208pt x 240.523pt.

Overfull \hbox (22.44882pt too wide) in paragraph at lines 132--140
 [][] 
 []


LaTeX Warning: `h' float specifier changed to `ht'.

<Figures/MesureReferenceOeil.png, id=2811, 619.113pt x 386.4036pt>
File: Figures/MesureReferenceOeil.png Graphic file (type png)

<use Figures/MesureReferenceOeil.png>
Package pdftex.def Info: Figures/MesureReferenceOeil.png used on input line 144
.
(pdftex.def)             Requested size: 433.37614pt x 270.48067pt.
 [124 <./Figures/LargeurPupillaireEnFonctionDuTemps.png>]
<Figures/ComparaisonDiamReelDiamTheo.png, id=2819, 569.4876pt x 320.397pt>
File: Figures/ComparaisonDiamReelDiamTheo.png Graphic file (type png)

<use Figures/ComparaisonDiamReelDiamTheo.png>
Package pdftex.def Info: Figures/ComparaisonDiamReelDiamTheo.png used on input 
line 155.
(pdftex.def)             Requested size: 427.11465pt x 240.29715pt.
 [125 <./Figures/MesureReferenceOeil.png>]
<Figures/CourbesLuminanceLunettesStereo.png, id=2826, 569.4876pt x 320.397pt>
File: Figures/CourbesLuminanceLunettesStereo.png Graphic file (type png)

<use Figures/CourbesLuminanceLunettesStereo.png>
Package pdftex.def Info: Figures/CourbesLuminanceLunettesStereo.png used on inp
ut line 165.
(pdftex.def)             Requested size: 427.11465pt x 240.29715pt.

<Figures/PourcentageAbsorption.png, id=2828, 569.0058pt x 319.9152pt>
File: Figures/PourcentageAbsorption.png Graphic file (type png)

<use Figures/PourcentageAbsorption.png>
Package pdftex.def Info: Figures/PourcentageAbsorption.png used on input line 1
74.
(pdftex.def)             Requested size: 426.7533pt x 239.9358pt.
) [126 <./Figures/ComparaisonDiamReelDiamTheo.png>] [127 <./Figures/CourbesLumi
nanceLunettesStereo.png> <./Figures/PourcentageAbsorption.png>]
\openout2 = `Chapitres/EXPE1-MANIP.aux'.

 (Chapitres/EXPE1-MANIP.tex
Chapitre 3.
[128



] <Figures/SubjectsCharts.png, id=2846, 568.524pt x 215.3646pt>
File: Figures/SubjectsCharts.png Graphic file (type png)

<use Figures/SubjectsCharts.png>
Package pdftex.def Info: Figures/SubjectsCharts.png used on input line 22.
(pdftex.def)             Requested size: 454.81982pt x 172.2919pt.

Overfull \hbox (1.85193pt too wide) in paragraph at lines 22--23
 [][] 
 []

[129 <./Figures/SubjectsCharts.png>]
<Figures/FlowchartExpeRVPGeneral.png, id=2854, 242.8272pt x 361.8318pt>
File: Figures/FlowchartExpeRVPGeneral.png Graphic file (type png)

<use Figures/FlowchartExpeRVPGeneral.png>
Package pdftex.def Info: Figures/FlowchartExpeRVPGeneral.png used on input line
 38.
(pdftex.def)             Requested size: 194.26201pt x 289.46584pt.

Underfull \vbox (badness 3312) has occurred while \output is active []

 [130]
<Figures/FlowchartExpeRVP.png, id=2861, 470.7186pt x 478.9092pt>
File: Figures/FlowchartExpeRVP.png Graphic file (type png)

<use Figures/FlowchartExpeRVP.png>
Package pdftex.def Info: Figures/FlowchartExpeRVP.png used on input line 59.
(pdftex.def)             Requested size: 376.57538pt x 383.12787pt.
 [131 <./Figures/FlowchartExpeRVPGeneral.png>] [132 <./Figures/FlowchartExpeRVP
.png>] [133]

LaTeX Warning: `h' float specifier changed to `ht'.


LaTeX Warning: `h' float specifier changed to `ht'.

[134] [135]
Chapitre 4.

LaTeX Warning: `h' float specifier changed to `ht'.

[136

]

LaTeX Warning: `h' float specifier changed to `ht'.

<Figures/ResultsRVP_1.png, id=2912, 722.7pt x 216.81pt>
File: Figures/ResultsRVP_1.png Graphic file (type png)

<use Figures/ResultsRVP_1.png>
Package pdftex.def Info: Figures/ResultsRVP_1.png used on input line 213.
(pdftex.def)             Requested size: 452.9679pt x 135.88966pt.

<Figures/ResultsRVP_2.png, id=2913, 722.7pt x 216.81pt>
File: Figures/ResultsRVP_2.png Graphic file (type png)

<use Figures/ResultsRVP_2.png>
Package pdftex.def Info: Figures/ResultsRVP_2.png used on input line 220.
(pdftex.def)             Requested size: 452.9679pt x 135.88966pt.

<Figures/ResultsRVP_3.png, id=2914, 722.2182pt x 216.81pt>
File: Figures/ResultsRVP_3.png Graphic file (type png)

<use Figures/ResultsRVP_3.png>
Package pdftex.def Info: Figures/ResultsRVP_3.png used on input line 227.
(pdftex.def)             Requested size: 452.9679pt x 135.9856pt.

Underfull \vbox (badness 10000) has occurred while \output is active []

 [137]
[138 <./Figures/ResultsRVP_1.png> <./Figures/ResultsRVP_2.png> <./Figures/Resul
tsRVP_3.png>]
Overfull \hbox (3.51102pt too wide) in paragraph at lines 237--238
\T1/pnc/m/n/10.95 l'on dé-si-rait, nous avons sim-pli-fié l'équa-tion en fai-sa
nt l'hy-po-thèse que la lu-mi-nance d'adap-
 []

[139]
Overfull \hbox (0.7291pt too wide) in paragraph at lines 239--240
[]\T1/pnc/m/n/10.95 Si gra-phi-que-ment les ré-sul-tats semblent en ef-fet di-v
er-ger en basses condi-tions de contraste
 []

) [140]
\openout2 = `Chapitres/EXPE1-CONCL.aux'.

 (Chapitres/EXPE1-CONCL.tex
Overfull \hbox (6.0pt too wide) in paragraph at lines 1--1
[][] 
 []

) [141



]
\openout2 = `Chapitres/EXPE2.aux'.

 (Chapitres/EXPE2.tex [142



]
Overfull \hbox (6.0pt too wide) in paragraph at lines 3--3
[][] 
 []

) [143

]
\openout2 = `Chapitres/EXPE2-MANIP.aux'.

 (Chapitres/EXPE2-MANIP.tex
Chapitre 1.
[144



] [145] [146] [147]
<Figures/LiangPendulum.png, id=3048, 365.86688pt x 347.79938pt>
File: Figures/LiangPendulum.png Graphic file (type png)

<use Figures/LiangPendulum.png>
Package pdftex.def Info: Figures/LiangPendulum.png used on input line 72.
(pdftex.def)             Requested size: 219.52182pt x 208.68123pt.
 [148]
<Figures/SwindellsPhonograph.png, id=3067, 319.94531pt x 227.34938pt>
File: Figures/SwindellsPhonograph.png Graphic file (type png)

<use Figures/SwindellsPhonograph.png>
Package pdftex.def Info: Figures/SwindellsPhonograph.png used on input line 83.

(pdftex.def)             Requested size: 239.95839pt x 170.51161pt.

<Figures/DiLucaGradient.png, id=3074, 642.4pt x 401.5pt>
File: Figures/DiLucaGradient.png Graphic file (type png)

<use Figures/DiLucaGradient.png>
Package pdftex.def Info: Figures/DiLucaGradient.png used on input line 94.
(pdftex.def)             Requested size: 321.19922pt x 200.7495pt.

Underfull \vbox (badness 10000) has occurred while \output is active []

 [149 <./Figures/LiangPendulum.png>] [150 <./Figures/SwindellsPhonograph.png> <
./Figures/DiLucaGradient.png>] [151]
Chapitre 2.
[152

] <Figures/OculusRift.png, id=3102, 642.4pt x 331.2375pt>
File: Figures/OculusRift.png Graphic file (type png)

<use Figures/OculusRift.png>
Package pdftex.def Info: Figures/OculusRift.png used on input line 129.
(pdftex.def)             Requested size: 417.55505pt x 215.30182pt.
 [153]
<Figures/ExpeLatency.png, id=3110, 495.7722pt x 282.3348pt>
File: Figures/ExpeLatency.png Graphic file (type png)

<use Figures/ExpeLatency.png>
Package pdftex.def Info: Figures/ExpeLatency.png used on input line 143.
(pdftex.def)             Requested size: 446.19084pt x 254.09895pt.

Overfull \hbox (2.77213pt too wide) in paragraph at lines 150--151
\T1/pnc/m/n/10.95 le fonc-tion-ne-ment à leur la-tence no-mi-nale. On ajoute en
-suite, pour cha-cun des deux moyens
 []

[154 <./Figures/OculusRift.png>] [155 <./Figures/ExpeLatency.png>]
<Figures/XYPrecision.png, id=3126, 651.3936pt x 362.3136pt>
File: Figures/XYPrecision.png Graphic file (type png)

<use Figures/XYPrecision.png>
Package pdftex.def Info: Figures/XYPrecision.png used on input line 176.
(pdftex.def)             Requested size: 423.40082pt x 235.50104pt.
 [156 <./Figures/XYPrecision.png>] [157] [158]
<Figures/LatencyMeasureTechnique.png, id=3153, 524.1984pt x 391.7034pt>
File: Figures/LatencyMeasureTechnique.png Graphic file (type png)

<use Figures/LatencyMeasureTechnique.png>
Package pdftex.def Info: Figures/LatencyMeasureTechnique.png used on input line
 219.
(pdftex.def)             Requested size: 419.35928pt x 313.36314pt.
 [159 <./Figures/LatencyMeasureTechnique.png>]
Chapitre 3.

LaTeX Warning: `h' float specifier changed to `ht'.


Underfull \vbox (badness 1314) has occurred while \output is active []

 [160

]
<Figures/ITQvPQ.png, id=3166, 410.4936pt x 225.0006pt>
File: Figures/ITQvPQ.png Graphic file (type png)

<use Figures/ITQvPQ.png>
Package pdftex.def Info: Figures/ITQvPQ.png used on input line 248.
(pdftex.def)             Requested size: 362.37569pt x 198.63626pt.

<Figures/CavePrecisionResults.png, id=3172, 361.35pt x 216.81pt>
File: Figures/CavePrecisionResults.png Graphic file (type png)

<use Figures/CavePrecisionResults.png>
Package pdftex.def Info: Figures/CavePrecisionResults.png used on input line 25
9.
(pdftex.def)             Requested size: 362.37569pt x 217.4281pt.

<Figures/CaveCompletionTimeResults.png, id=3173, 361.35pt x 216.81pt>
File: Figures/CaveCompletionTimeResults.png Graphic file (type png)

<use Figures/CaveCompletionTimeResults.png>
Package pdftex.def Info: Figures/CaveCompletionTimeResults.png used on input li
ne 266.
(pdftex.def)             Requested size: 362.37569pt x 217.4281pt.
 [161 <./Figures/ITQvPQ.png>]
[162 <./Figures/CavePrecisionResults.png> <./Figures/CaveCompletionTimeResults.
png>] [163] <Figures/CasquePrecisionResults.png, id=3198, 361.35pt x 216.81pt>
File: Figures/CasquePrecisionResults.png Graphic file (type png)

<use Figures/CasquePrecisionResults.png>
Package pdftex.def Info: Figures/CasquePrecisionResults.png used on input line 
303.
(pdftex.def)             Requested size: 362.37569pt x 217.4281pt.

<Figures/CasqueCompletionTimeResults.png, id=3199, 361.8318pt x 216.81pt>
File: Figures/CasqueCompletionTimeResults.png Graphic file (type png)

<use Figures/CasqueCompletionTimeResults.png>
Package pdftex.def Info: Figures/CasqueCompletionTimeResults.png used on input 
line 312.
(pdftex.def)             Requested size: 362.37569pt x 217.1469pt.
 [164 <./Figures/CasquePrecisionResults.png>] [165 <./Figures/CasqueCompletionT
imeResults.png>]
Overfull \hbox (3.4936pt too wide) in paragraph at lines 331--332
\T1/pnc/m/n/10.95 terme de va-ria-tion de per-for-mance lorsque l'on aug-mente 
la la-tence de 60 ms. Les moyennes
 []

[166]) [167]
\openout2 = `Chapitres/EXPE2-CONCL.aux'.

 (Chapitres/EXPE2-CONCL.tex
Overfull \hbox (6.0pt too wide) in paragraph at lines 1--1
[][] 
 []

) [168



]
\openout2 = `Chapitres/CONCL.aux'.

 (Chapitres/CONCL.tex
Overfull \hbox (6.0pt too wide) in paragraph at lines 1--1
[][] 
 []

[169



] <Figures/ScoreRealismeMini.png, id=3232, 383.031pt x 251.9814pt>
File: Figures/ScoreRealismeMini.png Graphic file (type png)

<use Figures/ScoreRealismeMini.png>
Package pdftex.def Info: Figures/ScoreRealismeMini.png used on input line 17.
(pdftex.def)             Requested size: 383.03006pt x 251.98077pt.
 [170 <./Figures/ScoreRealismeMini.png>]
[171] <Figures/ResultatsScoreApplication.png, id=3243, 361.35pt x 216.81pt>
File: Figures/ResultatsScoreApplication.png Graphic file (type png)

<use Figures/ResultatsScoreApplication.png>
Package pdftex.def Info: Figures/ResultatsScoreApplication.png used on input li
ne 43.
(pdftex.def)             Requested size: 361.34912pt x 216.80946pt.

<Figures/RadarScoreIRIS.png, id=3245, 361.35pt x 216.81pt>
File: Figures/RadarScoreIRIS.png Graphic file (type png)

<use Figures/RadarScoreIRIS.png>
Package pdftex.def Info: Figures/RadarScoreIRIS.png used on input line 52.
(pdftex.def)             Requested size: 361.34912pt x 216.80946pt.

Underfull \vbox (badness 4819) has occurred while \output is active []

 [172 <./Figures/ResultatsScoreApplication.png>]
<Figures/RadarScoreP3I.png, id=3252, 361.35pt x 216.81pt>
File: Figures/RadarScoreP3I.png Graphic file (type png)

<use Figures/RadarScoreP3I.png>
Package pdftex.def Info: Figures/RadarScoreP3I.png used on input line 61.
(pdftex.def)             Requested size: 361.34912pt x 216.80946pt.

<Figures/RadarScoreVIVE.png, id=3254, 361.35pt x 216.81pt>
File: Figures/RadarScoreVIVE.png Graphic file (type png)

<use Figures/RadarScoreVIVE.png>
Package pdftex.def Info: Figures/RadarScoreVIVE.png used on input line 70.
(pdftex.def)             Requested size: 361.34912pt x 216.80946pt.

<Figures/RadarScoreHololens.png, id=3256, 361.35pt x 216.81pt>
File: Figures/RadarScoreHololens.png Graphic file (type png)

<use Figures/RadarScoreHololens.png>
Package pdftex.def Info: Figures/RadarScoreHololens.png used on input line 79.
(pdftex.def)             Requested size: 361.34912pt x 216.80946pt.
 [173 <./Figures/RadarScoreIRIS.png>]
[174 <./Figures/RadarScoreP3I.png> <./Figures/RadarScoreVIVE.png>]) [175 <./Fig
ures/RadarScoreHololens.png>] (Main.bbl [176



] [177] [178] [179] [180] [181]
[182]
Underfull \hbox (badness 1946) in paragraph at lines 753--756
[]\T1/pnc/m/n/10.95 Spencer, Greg, Shir-ley, Pe-ter, Zim-mer-man, Kurt, & Green
-berg, Do-nald P. 1995.
 []

[183] [184])
Package atveryend Info: Empty hook `BeforeClearDocument' on input line 67.
 [0]
Package atveryend Info: Empty hook `AfterLastShipout' on input line 67.
 (Main.aux (Chapitres/PREAMB.aux) (Chapitres/INTRO.aux)
(Chapitres/EDLA.aux) (Chapitres/MDLVI.aux) (Chapitres/SDR-INTRO.aux)
(Chapitres/SDR-GENE.aux) (Chapitres/SDR-DISP.aux) (Chapitres/SDR-IMM.aux)
(Chapitres/SDR-POND.aux) (Chapitres/SDR-EXPE.aux) (Chapitres/SDR-CONCL.aux)
(Chapitres/EXPE1.aux) (Chapitres/EXPE1-REA.aux) (Chapitres/EXPE1-PRELIM.aux)
(Chapitres/EXPE1-MANIP.aux) (Chapitres/EXPE1-CONCL.aux) (Chapitres/EXPE2.aux)
(Chapitres/EXPE2-MANIP.aux) (Chapitres/EXPE2-CONCL.aux) (Chapitres/CONCL.aux))
Package atveryend Info: Executing hook `AtVeryEndDocument' on input line 67.
Package atveryend Info: Executing hook `AtEndAfterFileList' on input line 67.
Package rerunfilecheck Info: File `Main.out' has not changed.
(rerunfilecheck)             Checksum: CF6993F52232561B1BBFAB266E8412CE;12661.
Package atveryend Info: Empty hook `AtVeryVeryEnd' on input line 67.
 )
(\end occurred inside a group at level 1)

### simple group (level 1) entered at line 130 ({)
### bottom level 
Here is how much of TeX's memory you used:
 12237 strings out of 493634
 194989 string characters out of 3131976
 313001 words of memory out of 3000000
 14412 multiletter control sequences out of 15000+200000
 72407 words of font info for 93 fonts, out of 3000000 for 9000
 1025 hyphenation exceptions out of 8191
 44i,15n,53p,1770b,6687s stack positions out of 5000i,500n,10000p,200000b,50000s
{C:/Users/Administrator/AppData/Local/Programs/MiKTeX 2.9/fonts
/enc/dvips/fontname/8r.enc}<C:/Users/Administrator/AppData/Local/Programs/MiKTe
X 2.9/fonts/type1/public/amsfonts/cm/cmex10.pfb><C:/Users/Administrator/AppData
/Local/Programs/MiKTeX 2.9/fonts/type1/public/amsfonts/cm/cmmi10.pfb><C:/Users/
Administrator/AppData/Local/Programs/MiKTeX 2.9/fonts/type1/public/amsfonts/cm/
cmmi6.pfb><C:/Users/Administrator/AppData/Local/Programs/MiKTeX 2.9/fonts/type1
/public/amsfonts/cm/cmmi8.pfb><C:/Users/Administrator/AppData/Local/Programs/Mi
KTeX 2.9/fonts/type1/public/amsfonts/cm/cmmi9.pfb><C:/Users/Administrator/AppDa
ta/Local/Programs/MiKTeX 2.9/fonts/type1/public/amsfonts/cm/cmr10.pfb><C:/Users
/Administrator/AppData/Local/Programs/MiKTeX 2.9/fonts/type1/public/amsfonts/cm
/cmr6.pfb><C:/Users/Administrator/AppData/Local/Programs/MiKTeX 2.9/fonts/type1
/public/amsfonts/cm/cmr7.pfb><C:/Users/Administrator/AppData/Local/Programs/MiK
TeX 2.9/fonts/type1/public/amsfonts/cm/cmr8.pfb><C:/Users/Administrator/AppData
/Local/Programs/MiKTeX 2.9/fonts/type1/public/amsfonts/cm/cmr9.pfb><C:/Users/Ad
ministrator/AppData/Local/Programs/MiKTeX 2.9/fonts/type1/public/amsfonts/cm/cm
sy10.pfb><C:/Users/Administrator/AppData/Local/Programs/MiKTeX 2.9/fonts/type1/
public/amsfonts/cm/cmsy6.pfb><C:/Users/Administrator/AppData/Local/Programs/MiK
TeX 2.9/fonts/type1/public/amsfonts/cm/cmsy8.pfb><C:/Users/Administrator/AppDat
a/Local/Programs/MiKTeX 2.9/fonts/type1/public/amsfonts/cm/cmsy9.pfb><C:/Users/
Administrator/AppData/Local/Programs/MiKTeX 2.9/fonts/type1/urw/courier/ucrr8a.
pfb><C:/Users/Administrator/AppData/Local/Programs/MiKTeX 2.9/fonts/type1/urw/n
cntrsbk/uncb8a.pfb><C:/Users/Administrator/AppData/Local/Programs/MiKTeX 2.9/fo
nts/type1/urw/ncntrsbk/uncbi8a.pfb><C:/Users/Administrator/AppData/Local/Progra
ms/MiKTeX 2.9/fonts/type1/urw/ncntrsbk/uncr8a.pfb><C:/Users/Administrator/AppDa
ta/Local/Programs/MiKTeX 2.9/fonts/type1/urw/ncntrsbk/uncri8a.pfb>
Output written on Main.pdf (205 pages, 13696458 bytes).
PDF statistics:
 3535 PDF objects out of 3580 (max. 8388607)
 739 named destinations out of 1000 (max. 500000)
 1765 words of extra memory for PDF output out of 10000 (max. 10000000)

