\BOOKMARK [0][-]{chapter*.2}{Table des figures}{}% 1
\BOOKMARK [0][-]{chapter*.3}{Liste des tableaux}{}% 2
\BOOKMARK [-1][-]{part.1}{I \311tat de l'Art: Partie Th\351orique}{}% 3
\BOOKMARK [0][-]{chapter.1.1}{D\351finition du r\351alisme}{part.1}% 4
\BOOKMARK [1][-]{section.1.1.1}{Enjeux et probl\351matique}{chapter.1.1}% 5
\BOOKMARK [1][-]{section.1.1.2}{D\351finitions usuelles}{chapter.1.1}% 6
\BOOKMARK [1][-]{section.1.1.3}{D\351finitions dans le domaine de la R\351alit\351 Virtuelle}{chapter.1.1}% 7
\BOOKMARK [1][-]{section.1.1.4}{D\351finition de la multi-sensorialit\351 3D}{chapter.1.1}% 8
\BOOKMARK [1][-]{section.1.1.5}{Cadre d'\351tude}{chapter.1.1}% 9
\BOOKMARK [0][-]{chapter.1.2}{Fonctionnement de la vision}{part.1}% 10
\BOOKMARK [1][-]{section.1.2.1}{Structure de l'\234il}{chapter.1.2}% 11
\BOOKMARK [1][-]{section.1.2.2}{Mod\351lisation de l'\234il}{chapter.1.2}% 12
\BOOKMARK [1][-]{section.1.2.3}{Vision binoculaire}{chapter.1.2}% 13
\BOOKMARK [1][-]{section.1.2.4}{Traitement post-r\351tinien}{chapter.1.2}% 14
\BOOKMARK [0][-]{chapter.1.3}{Perception de la couleur}{part.1}% 15
\BOOKMARK [1][-]{section.1.3.1}{Espaces colorim\351triques}{chapter.1.3}% 16
\BOOKMARK [1][-]{section.1.3.2}{Observateurs standards}{chapter.1.3}% 17
\BOOKMARK [1][-]{section.1.3.3}{Illuminants}{chapter.1.3}% 18
\BOOKMARK [1][-]{section.1.3.4}{Equations de diff\351rentiations des couleurs}{chapter.1.3}% 19
\BOOKMARK [0][-]{chapter.1.4}{Contraste}{part.1}% 20
\BOOKMARK [1][-]{section.1.4.1}{D\351finitions math\351matiques}{chapter.1.4}% 21
\BOOKMARK [1][-]{section.1.4.2}{Calcul de seuil}{chapter.1.4}% 22
\BOOKMARK [1][-]{section.1.4.3}{M\351thodes classiques de calcul sur un \351cran}{chapter.1.4}% 23
\BOOKMARK [0][-]{chapter.1.5}{Perception visuelle de la profondeur}{part.1}% 24
\BOOKMARK [0][-]{chapter.1.6}{Influences Physiologiques}{part.1}% 25
\BOOKMARK [1][-]{section.1.6.1}{Variations morphologiques}{chapter.1.6}% 26
\BOOKMARK [1][-]{section.1.6.2}{\302ge}{chapter.1.6}% 27
\BOOKMARK [-1][-]{figure.1.6.22}{Bibliographie}{}% 28
